{"numFailedTestSuites":38,"numFailedTests":39,"numPassedTestSuites":19,"numPassedTests":24,"numPendingTestSuites":0,"numPendingTests":0,"numRuntimeErrorTestSuites":2,"numTodoTests":0,"numTotalTestSuites":57,"numTotalTests":63,"openHandles":[],"snapshot":{"added":0,"didUpdate":false,"failure":false,"filesAdded":0,"filesRemoved":0,"filesRemovedList":[],"filesUnmatched":0,"filesUpdated":0,"matched":0,"total":0,"unchecked":0,"uncheckedKeysByFile":[],"unmatched":0,"updated":0},"startTime":1730630408378,"success":false,"testResults":[{"leaks":false,"numFailingTests":1,"numPassingTests":0,"numPendingTests":0,"numTodoTests":0,"openHandles":[],"perfStats":{"end":1730630420950,"runtime":8119,"slow":true,"start":1730630412831},"skipped":false,"snapshot":{"added":0,"fileDeleted":false,"matched":0,"unchecked":0,"uncheckedKeys":[],"unmatched":0,"updated":0},"testFilePath":"D:\\Sanjeet\\StencilJS\\stenciljs-components\\src\\components\\my-progress-bar\\test\\my-progress-bar.spec.tsx","testResults":[{"ancestorTitles":["my-progress-bar"],"duration":161,"failureDetails":[{}],"failureMessages":["TypeError: Cannot read properties of undefined (reading 'toString')\n    at MyProgressBar.toString [as render] (D:\\Sanjeet\\StencilJS\\stenciljs-components\\src\\components\\my-progress-bar\\my-progress-bar.tsx:13:61)\n    at callRender (D:\\Sanjeet\\StencilJS\\stenciljs-components\\node_modules\\@stencil\\core\\internal\\testing\\index.js:1925:39)\n    at updateComponent (D:\\Sanjeet\\StencilJS\\stenciljs-components\\node_modules\\@stencil\\core\\internal\\testing\\index.js:1877:5)\n    at D:\\Sanjeet\\StencilJS\\stenciljs-components\\node_modules\\@stencil\\core\\internal\\testing\\index.js:1855:38\n    at enqueue (D:\\Sanjeet\\StencilJS\\stenciljs-components\\node_modules\\@stencil\\core\\internal\\testing\\index.js:1860:6)\n    at dispatchHooks (D:\\Sanjeet\\StencilJS\\stenciljs-components\\node_modules\\@stencil\\core\\internal\\testing\\index.js:1855:10)\n    at dispatch (D:\\Sanjeet\\StencilJS\\stenciljs-components\\node_modules\\@stencil\\core\\internal\\testing\\index.js:1819:26)\n    at drain (D:\\Sanjeet\\StencilJS\\stenciljs-components\\node_modules\\@stencil\\core\\internal\\testing\\index.js:228:28)\n    at processTicksAndRejections (node:internal/process/task_queues:77:11)"],"fullName":"my-progress-bar renders","invocations":1,"location":null,"numPassingAsserts":0,"retryReasons":[],"status":"failed","title":"renders"}],"failureMessage":"\u001b[1m\u001b[31m  \u001b[1m● \u001b[22m\u001b[1mmy-progress-bar › renders\u001b[39m\u001b[22m\n\n    TypeError: Cannot read properties of undefined (reading 'toString')\n\u001b[2m\u001b[22m\n\u001b[2m    \u001b[0m \u001b[90m 11 |\u001b[39m   \u001b[33m@\u001b[39m\u001b[33mElement\u001b[39m() el\u001b[33m:\u001b[39m \u001b[33mHTMLElement\u001b[39m\u001b[33m;\u001b[39m\u001b[22m\n\u001b[2m     \u001b[90m 12 |\u001b[39m   render() {\u001b[22m\n\u001b[2m    \u001b[31m\u001b[1m>\u001b[22m\u001b[2m\u001b[39m\u001b[90m 13 |\u001b[39m     \u001b[36mthis\u001b[39m\u001b[33m.\u001b[39mel\u001b[33m.\u001b[39mstyle\u001b[33m.\u001b[39msetProperty(\u001b[32m'--current-value'\u001b[39m\u001b[33m,\u001b[39m \u001b[36mthis\u001b[39m\u001b[33m.\u001b[39mvalue\u001b[33m.\u001b[39mtoString())\u001b[33m;\u001b[39m\u001b[22m\n\u001b[2m     \u001b[90m    |\u001b[39m                                                             \u001b[31m\u001b[1m^\u001b[22m\u001b[2m\u001b[39m\u001b[22m\n\u001b[2m     \u001b[90m 14 |\u001b[39m     \u001b[36mthis\u001b[39m\u001b[33m.\u001b[39mel\u001b[33m.\u001b[39mstyle\u001b[33m.\u001b[39msetProperty(\u001b[32m'--max-value'\u001b[39m\u001b[33m,\u001b[39m \u001b[36mthis\u001b[39m\u001b[33m.\u001b[39mmax\u001b[33m.\u001b[39mtoString())\u001b[33m;\u001b[39m\u001b[22m\n\u001b[2m     \u001b[90m 15 |\u001b[39m     \u001b[36mreturn\u001b[39m (\u001b[22m\n\u001b[2m     \u001b[90m 16 |\u001b[39m       \u001b[33m<\u001b[39m\u001b[33mh1\u001b[39m\u001b[33m>\u001b[39m\u001b[33mProgress\u001b[39m \u001b[33mBar\u001b[39m\u001b[0m\u001b[22m\n\u001b[2m\u001b[22m\n\u001b[2m      \u001b[2mat MyProgressBar.toString [as render] (\u001b[22m\u001b[2msrc/components/my-progress-bar/my-progress-bar.tsx\u001b[2m:13:61)\u001b[22m\u001b[2m\u001b[22m\n\u001b[2m      \u001b[2mat callRender (\u001b[22m\u001b[2mnode_modules/@stencil/core/internal/testing/index.js\u001b[2m:1925:39)\u001b[22m\u001b[2m\u001b[22m\n\u001b[2m      \u001b[2mat updateComponent (\u001b[22m\u001b[2mnode_modules/@stencil/core/internal/testing/index.js\u001b[2m:1877:5)\u001b[22m\u001b[2m\u001b[22m\n\u001b[2m      \u001b[2mat \u001b[22m\u001b[2mnode_modules/@stencil/core/internal/testing/index.js\u001b[2m:1855:38\u001b[22m\u001b[2m\u001b[22m\n\u001b[2m      \u001b[2mat enqueue (\u001b[22m\u001b[2mnode_modules/@stencil/core/internal/testing/index.js\u001b[2m:1860:6)\u001b[22m\u001b[2m\u001b[22m\n\u001b[2m      \u001b[2mat dispatchHooks (\u001b[22m\u001b[2mnode_modules/@stencil/core/internal/testing/index.js\u001b[2m:1855:10)\u001b[22m\u001b[2m\u001b[22m\n\u001b[2m      \u001b[2mat dispatch (\u001b[22m\u001b[2mnode_modules/@stencil/core/internal/testing/index.js\u001b[2m:1819:26)\u001b[22m\u001b[2m\u001b[22m\n\u001b[2m      \u001b[2mat drain (\u001b[22m\u001b[2mnode_modules/@stencil/core/internal/testing/index.js\u001b[2m:228:28)\u001b[22m\u001b[2m\u001b[22m\n"},{"leaks":false,"numFailingTests":1,"numPassingTests":0,"numPendingTests":0,"numTodoTests":0,"openHandles":[],"perfStats":{"end":1730630420977,"runtime":8179,"slow":true,"start":1730630412798},"skipped":false,"snapshot":{"added":0,"fileDeleted":false,"matched":0,"unchecked":0,"uncheckedKeys":[],"unmatched":0,"updated":0},"testFilePath":"D:\\Sanjeet\\StencilJS\\stenciljs-components\\src\\components\\test-counter\\test\\test-counter.spec.tsx","testResults":[{"ancestorTitles":["test-counter"],"duration":211,"failureDetails":[{"matcherResult":{"actual":"<test-counter>\n  <template shadowrootmode=\"open\">\n    <div>\n      Test Counter\n    </div>\n    <div>\n      <slot>\n        Count:\n      </slot>\n      0\n    </div>\n    <test-button buttonid=\"add-button\" color=\"green\">\n      Add\n    </test-button>\n    <test-button buttonid=\"subtract-button\" color=\"red\">\n      Subtract\n    </test-button>\n  </template>\n</test-counter>","expected":"<test-counter>\n  <template shadowrootmode=\"open\">\n    <slot></slot>\n  </template>\n</test-counter>","message":"\u001b[2mexpect(\u001b[22m\u001b[31mreceived\u001b[39m\u001b[2m).\u001b[22mtoBe\u001b[2m(\u001b[22m\u001b[32mexpected\u001b[39m\u001b[2m) // Object.is equality\u001b[22m\n\n\u001b[32m- Expected  -  1\u001b[39m\n\u001b[31m+ Received  + 15\u001b[39m\n\n\u001b[2m  <test-counter>\u001b[22m\n\u001b[2m    <template shadowrootmode=\"open\">\u001b[22m\n\u001b[32m-     <\u001b[7mslot></slot\u001b[27m>\u001b[39m\n\u001b[31m+     <\u001b[7mdiv>\u001b[27m\u001b[39m\n\u001b[31m+       Test Counter\u001b[39m\n\u001b[31m+     </div>\u001b[39m\n\u001b[31m+     <div>\u001b[39m\n\u001b[31m+       <slot>\u001b[39m\n\u001b[31m+         Count:\u001b[39m\n\u001b[31m+       </slot>\u001b[39m\n\u001b[31m+       0\u001b[39m\n\u001b[31m+     </div>\u001b[39m\n\u001b[31m+     <test-button buttonid=\"add-button\" color=\"green\">\u001b[39m\n\u001b[31m+       Add\u001b[39m\n\u001b[31m+     </test-button>\u001b[39m\n\u001b[31m+     <test-button buttonid=\"subtract-button\" color=\"red\">\u001b[39m\n\u001b[31m+       Subtract\u001b[39m\n\u001b[31m+ \u001b[7m    </test-button\u001b[27m>\u001b[39m\n\u001b[2m    </template>\u001b[22m\n\u001b[2m  </test-counter>\u001b[22m","name":"toBe","pass":false}}],"failureMessages":["Error: \u001b[2mexpect(\u001b[22m\u001b[31mreceived\u001b[39m\u001b[2m).\u001b[22mtoBe\u001b[2m(\u001b[22m\u001b[32mexpected\u001b[39m\u001b[2m) // Object.is equality\u001b[22m\n\n\u001b[32m- Expected  -  1\u001b[39m\n\u001b[31m+ Received  + 15\u001b[39m\n\n\u001b[2m  <test-counter>\u001b[22m\n\u001b[2m    <template shadowrootmode=\"open\">\u001b[22m\n\u001b[32m-     <\u001b[7mslot></slot\u001b[27m>\u001b[39m\n\u001b[31m+     <\u001b[7mdiv>\u001b[27m\u001b[39m\n\u001b[31m+       Test Counter\u001b[39m\n\u001b[31m+     </div>\u001b[39m\n\u001b[31m+     <div>\u001b[39m\n\u001b[31m+       <slot>\u001b[39m\n\u001b[31m+         Count:\u001b[39m\n\u001b[31m+       </slot>\u001b[39m\n\u001b[31m+       0\u001b[39m\n\u001b[31m+     </div>\u001b[39m\n\u001b[31m+     <test-button buttonid=\"add-button\" color=\"green\">\u001b[39m\n\u001b[31m+       Add\u001b[39m\n\u001b[31m+     </test-button>\u001b[39m\n\u001b[31m+     <test-button buttonid=\"subtract-button\" color=\"red\">\u001b[39m\n\u001b[31m+       Subtract\u001b[39m\n\u001b[31m+ \u001b[7m    </test-button\u001b[27m>\u001b[39m\n\u001b[2m    </template>\u001b[22m\n\u001b[2m  </test-counter>\u001b[22m\n    at compareHtml3 (D:\\Sanjeet\\StencilJS\\stenciljs-components\\node_modules\\@stencil\\core\\testing\\index.js:5558:24)\n    at Object.toEqualHtml3 (D:\\Sanjeet\\StencilJS\\stenciljs-components\\node_modules\\@stencil\\core\\testing\\index.js:5514:10)\n    at __EXTERNAL_MATCHER_TRAP__ (D:\\Sanjeet\\StencilJS\\stenciljs-components\\node_modules\\expect\\build\\index.js:325:30)\n    at Object.throwingMatcher [as toEqualHtml] (D:\\Sanjeet\\StencilJS\\stenciljs-components\\node_modules\\expect\\build\\index.js:326:15)\n    at Object.<anonymous> (D:\\Sanjeet\\StencilJS\\stenciljs-components\\src\\components\\test-counter\\test\\test-counter.spec.tsx:10:23)\n    at processTicksAndRejections (node:internal/process/task_queues:95:5)"],"fullName":"test-counter renders","invocations":1,"location":null,"numPassingAsserts":0,"retryReasons":[],"status":"failed","title":"renders"}],"failureMessage":"\u001b[1m\u001b[31m  \u001b[1m● \u001b[22m\u001b[1mtest-counter › renders\u001b[39m\u001b[22m\n\n    \u001b[2mexpect(\u001b[22m\u001b[31mreceived\u001b[39m\u001b[2m).\u001b[22mtoBe\u001b[2m(\u001b[22m\u001b[32mexpected\u001b[39m\u001b[2m) // Object.is equality\u001b[22m\n\n    \u001b[32m- Expected  -  1\u001b[39m\n    \u001b[31m+ Received  + 15\u001b[39m\n\n    \u001b[2m  <test-counter>\u001b[22m\n    \u001b[2m    <template shadowrootmode=\"open\">\u001b[22m\n    \u001b[32m-     <\u001b[7mslot></slot\u001b[27m>\u001b[39m\n    \u001b[31m+     <\u001b[7mdiv>\u001b[27m\u001b[39m\n    \u001b[31m+       Test Counter\u001b[39m\n    \u001b[31m+     </div>\u001b[39m\n    \u001b[31m+     <div>\u001b[39m\n    \u001b[31m+       <slot>\u001b[39m\n    \u001b[31m+         Count:\u001b[39m\n    \u001b[31m+       </slot>\u001b[39m\n    \u001b[31m+       0\u001b[39m\n    \u001b[31m+     </div>\u001b[39m\n    \u001b[31m+     <test-button buttonid=\"add-button\" color=\"green\">\u001b[39m\n    \u001b[31m+       Add\u001b[39m\n    \u001b[31m+     </test-button>\u001b[39m\n    \u001b[31m+     <test-button buttonid=\"subtract-button\" color=\"red\">\u001b[39m\n    \u001b[31m+       Subtract\u001b[39m\n    \u001b[31m+ \u001b[7m    </test-button\u001b[27m>\u001b[39m\n    \u001b[2m    </template>\u001b[22m\n    \u001b[2m  </test-counter>\u001b[22m\n\u001b[2m\u001b[22m\n\u001b[2m    \u001b[0m \u001b[90m  8 |\u001b[39m       html\u001b[33m:\u001b[39m \u001b[32m`<test-counter></test-counter>`\u001b[39m\u001b[33m,\u001b[39m\u001b[22m\n\u001b[2m     \u001b[90m  9 |\u001b[39m     })\u001b[33m;\u001b[39m\u001b[22m\n\u001b[2m    \u001b[31m\u001b[1m>\u001b[22m\u001b[2m\u001b[39m\u001b[90m 10 |\u001b[39m     expect(page\u001b[33m.\u001b[39mroot)\u001b[33m.\u001b[39mtoEqualHtml(\u001b[32m`\u001b[39m\u001b[22m\n\u001b[2m     \u001b[90m    |\u001b[39m                       \u001b[31m\u001b[1m^\u001b[22m\u001b[2m\u001b[39m\u001b[22m\n\u001b[2m     \u001b[90m 11 |\u001b[39m \u001b[32m      <test-counter>\u001b[39m\u001b[22m\n\u001b[2m     \u001b[90m 12 |\u001b[39m \u001b[32m        <mock:shadow-root>\u001b[39m\u001b[22m\n\u001b[2m     \u001b[90m 13 |\u001b[39m \u001b[32m          <slot></slot>\u001b[39m\u001b[0m\u001b[22m\n\u001b[2m\u001b[22m\n\u001b[2m      \u001b[2mat compareHtml3 (\u001b[22m\u001b[2mnode_modules/@stencil/core/testing/index.js\u001b[2m:5558:24)\u001b[22m\u001b[2m\u001b[22m\n\u001b[2m      \u001b[2mat Object.toEqualHtml3 (\u001b[22m\u001b[2mnode_modules/@stencil/core/testing/index.js\u001b[2m:5514:10)\u001b[22m\u001b[2m\u001b[22m\n\u001b[2m      \u001b[2mat __EXTERNAL_MATCHER_TRAP__ (\u001b[22m\u001b[2mnode_modules/expect/build/index.js\u001b[2m:325:30)\u001b[22m\u001b[2m\u001b[22m\n\u001b[2m      \u001b[2mat Object.throwingMatcher [as toEqualHtml] (\u001b[22m\u001b[2mnode_modules/expect/build/index.js\u001b[2m:326:15)\u001b[22m\u001b[2m\u001b[22m\n\u001b[2m      \u001b[2mat Object.<anonymous> (\u001b[22m\u001b[2m\u001b[0m\u001b[36msrc/components/test-counter/test/test-counter.spec.tsx\u001b[39m\u001b[0m\u001b[2m:10:23)\u001b[22m\u001b[2m\u001b[22m\n"},{"leaks":false,"numFailingTests":1,"numPassingTests":0,"numPendingTests":0,"numTodoTests":0,"openHandles":[],"perfStats":{"end":1730630420993,"runtime":8242,"slow":true,"start":1730630412751},"skipped":false,"snapshot":{"added":0,"fileDeleted":false,"matched":0,"unchecked":0,"uncheckedKeys":[],"unmatched":0,"updated":0},"testFilePath":"D:\\Sanjeet\\StencilJS\\stenciljs-components\\src\\components\\app-profile\\test\\app-profile.spec.tsx","testResults":[{"ancestorTitles":["app-profile"],"duration":151,"failureDetails":[{}],"failureMessages":["TypeError: window.atob is not a function\n    at atob (D:\\Sanjeet\\StencilJS\\stenciljs-components\\src\\utils\\utils.ts:11:26)\n    at new AppProfile (D:\\Sanjeet\\StencilJS\\stenciljs-components\\src\\components\\app-profile\\app-profile.tsx:18:39)\n    at initializeComponent (D:\\Sanjeet\\StencilJS\\stenciljs-components\\node_modules\\@stencil\\core\\internal\\testing\\index.js:2298:9)\n    at processTicksAndRejections (node:internal/process/task_queues:95:5)"],"fullName":"app-profile renders","invocations":1,"location":null,"numPassingAsserts":0,"retryReasons":[],"status":"failed","title":"renders"}],"failureMessage":"\u001b[1m\u001b[31m  \u001b[1m● \u001b[22m\u001b[1mapp-profile › renders\u001b[39m\u001b[22m\n\n    TypeError: window.atob is not a function\n\u001b[2m\u001b[22m\n\u001b[2m    \u001b[0m \u001b[90m  9 |\u001b[39m     \u001b[33m.\u001b[39mreplace(\u001b[35m/_/g\u001b[39m\u001b[33m,\u001b[39m \u001b[32m'/'\u001b[39m)\u001b[33m;\u001b[39m\u001b[22m\n\u001b[2m     \u001b[90m 10 |\u001b[39m\u001b[22m\n\u001b[2m    \u001b[31m\u001b[1m>\u001b[22m\u001b[2m\u001b[39m\u001b[90m 11 |\u001b[39m   \u001b[36mconst\u001b[39m rawData \u001b[33m=\u001b[39m window\u001b[33m.\u001b[39matob(base64)\u001b[33m;\u001b[39m\u001b[22m\n\u001b[2m     \u001b[90m    |\u001b[39m                          \u001b[31m\u001b[1m^\u001b[22m\u001b[2m\u001b[39m\u001b[22m\n\u001b[2m     \u001b[90m 12 |\u001b[39m   \u001b[36mconst\u001b[39m outputArray \u001b[33m=\u001b[39m \u001b[36mnew\u001b[39m \u001b[33mUint8Array\u001b[39m(rawData\u001b[33m.\u001b[39mlength)\u001b[33m;\u001b[39m\u001b[22m\n\u001b[2m     \u001b[90m 13 |\u001b[39m\u001b[22m\n\u001b[2m     \u001b[90m 14 |\u001b[39m   \u001b[36mfor\u001b[39m (\u001b[36mlet\u001b[39m i \u001b[33m=\u001b[39m \u001b[35m0\u001b[39m\u001b[33m;\u001b[39m i \u001b[33m<\u001b[39m rawData\u001b[33m.\u001b[39mlength\u001b[33m;\u001b[39m \u001b[33m++\u001b[39mi) {\u001b[0m\u001b[22m\n\u001b[2m\u001b[22m\n\u001b[2m      \u001b[2mat atob (\u001b[22m\u001b[2msrc/utils/utils.ts\u001b[2m:11:26)\u001b[22m\u001b[2m\u001b[22m\n\u001b[2m      \u001b[2mat new AppProfile (\u001b[22m\u001b[2msrc/components/app-profile/app-profile.tsx\u001b[2m:18:39)\u001b[22m\u001b[2m\u001b[22m\n\u001b[2m      \u001b[2mat initializeComponent (\u001b[22m\u001b[2mnode_modules/@stencil/core/internal/testing/index.js\u001b[2m:2298:9)\u001b[22m\u001b[2m\u001b[22m\n"},{"leaks":false,"numFailingTests":1,"numPassingTests":0,"numPendingTests":0,"numTodoTests":0,"openHandles":[],"perfStats":{"end":1730630421934,"runtime":9180,"slow":true,"start":1730630412754},"skipped":false,"snapshot":{"added":0,"fileDeleted":false,"matched":0,"unchecked":0,"uncheckedKeys":[],"unmatched":0,"updated":0},"testFilePath":"D:\\Sanjeet\\StencilJS\\stenciljs-components\\src\\components\\my-button\\test\\my-button.spec.tsx","testResults":[{"ancestorTitles":["my-button"],"duration":1084,"failureDetails":[{"matcherResult":{"actual":"<my-button>\n  <template shadowrootmode=\"open\">\n    <h1>\n      My Button component\n    </h1>\n    <h1>\n      0\n    </h1>\n    <slot name=\"choose\"></slot>\n    <h2 class=\"api data dynamic\">\n      loading...\n    </h2>\n    <slot></slot>\n    <button></button>\n  </template>\n</my-button>","expected":"<my-button>\n  <template shadowrootmode=\"open\">\n    <slot></slot>\n  </template>\n</my-button>","message":"\u001b[2mexpect(\u001b[22m\u001b[31mreceived\u001b[39m\u001b[2m).\u001b[22mtoBe\u001b[2m(\u001b[22m\u001b[32mexpected\u001b[39m\u001b[2m) // Object.is equality\u001b[22m\n\n\u001b[32m- Expected  -  1\u001b[39m\n\u001b[31m+ Received  + 12\u001b[39m\n\n\u001b[2m  <my-button>\u001b[22m\n\u001b[2m    <template shadowrootmode=\"open\">\u001b[22m\n\u001b[32m-     <\u001b[7mslot></slot\u001b[27m>\u001b[39m\n\u001b[31m+     <\u001b[7mh1>\u001b[27m\u001b[39m\n\u001b[31m+       My Button component\u001b[39m\n\u001b[31m+     </h1>\u001b[39m\n\u001b[31m+     <h1>\u001b[39m\n\u001b[31m+       0\u001b[39m\n\u001b[31m+     </h1>\u001b[39m\n\u001b[31m+     <slot name=\"choose\"></slot>\u001b[39m\n\u001b[31m+     <h2 class=\"api data dynamic\">\u001b[39m\n\u001b[31m+       loading...\u001b[39m\n\u001b[31m+     </h2>\u001b[39m\n\u001b[31m+     <slot></slot>\u001b[39m\n\u001b[31m+ \u001b[7m    <button></button\u001b[27m>\u001b[39m\n\u001b[2m    </template>\u001b[22m\n\u001b[2m  </my-button>\u001b[22m","name":"toBe","pass":false}}],"failureMessages":["Error: \u001b[2mexpect(\u001b[22m\u001b[31mreceived\u001b[39m\u001b[2m).\u001b[22mtoBe\u001b[2m(\u001b[22m\u001b[32mexpected\u001b[39m\u001b[2m) // Object.is equality\u001b[22m\n\n\u001b[32m- Expected  -  1\u001b[39m\n\u001b[31m+ Received  + 12\u001b[39m\n\n\u001b[2m  <my-button>\u001b[22m\n\u001b[2m    <template shadowrootmode=\"open\">\u001b[22m\n\u001b[32m-     <\u001b[7mslot></slot\u001b[27m>\u001b[39m\n\u001b[31m+     <\u001b[7mh1>\u001b[27m\u001b[39m\n\u001b[31m+       My Button component\u001b[39m\n\u001b[31m+     </h1>\u001b[39m\n\u001b[31m+     <h1>\u001b[39m\n\u001b[31m+       0\u001b[39m\n\u001b[31m+     </h1>\u001b[39m\n\u001b[31m+     <slot name=\"choose\"></slot>\u001b[39m\n\u001b[31m+     <h2 class=\"api data dynamic\">\u001b[39m\n\u001b[31m+       loading...\u001b[39m\n\u001b[31m+     </h2>\u001b[39m\n\u001b[31m+     <slot></slot>\u001b[39m\n\u001b[31m+ \u001b[7m    <button></button\u001b[27m>\u001b[39m\n\u001b[2m    </template>\u001b[22m\n\u001b[2m  </my-button>\u001b[22m\n    at compareHtml3 (D:\\Sanjeet\\StencilJS\\stenciljs-components\\node_modules\\@stencil\\core\\testing\\index.js:5558:24)\n    at Object.toEqualHtml3 (D:\\Sanjeet\\StencilJS\\stenciljs-components\\node_modules\\@stencil\\core\\testing\\index.js:5514:10)\n    at __EXTERNAL_MATCHER_TRAP__ (D:\\Sanjeet\\StencilJS\\stenciljs-components\\node_modules\\expect\\build\\index.js:325:30)\n    at Object.throwingMatcher [as toEqualHtml] (D:\\Sanjeet\\StencilJS\\stenciljs-components\\node_modules\\expect\\build\\index.js:326:15)\n    at Object.<anonymous> (D:\\Sanjeet\\StencilJS\\stenciljs-components\\src\\components\\my-button\\test\\my-button.spec.tsx:10:23)\n    at processTicksAndRejections (node:internal/process/task_queues:95:5)"],"fullName":"my-button renders","invocations":1,"location":null,"numPassingAsserts":0,"retryReasons":[],"status":"failed","title":"renders"}],"failureMessage":"\u001b[1m\u001b[31m  \u001b[1m● \u001b[22m\u001b[1mmy-button › renders\u001b[39m\u001b[22m\n\n    \u001b[2mexpect(\u001b[22m\u001b[31mreceived\u001b[39m\u001b[2m).\u001b[22mtoBe\u001b[2m(\u001b[22m\u001b[32mexpected\u001b[39m\u001b[2m) // Object.is equality\u001b[22m\n\n    \u001b[32m- Expected  -  1\u001b[39m\n    \u001b[31m+ Received  + 12\u001b[39m\n\n    \u001b[2m  <my-button>\u001b[22m\n    \u001b[2m    <template shadowrootmode=\"open\">\u001b[22m\n    \u001b[32m-     <\u001b[7mslot></slot\u001b[27m>\u001b[39m\n    \u001b[31m+     <\u001b[7mh1>\u001b[27m\u001b[39m\n    \u001b[31m+       My Button component\u001b[39m\n    \u001b[31m+     </h1>\u001b[39m\n    \u001b[31m+     <h1>\u001b[39m\n    \u001b[31m+       0\u001b[39m\n    \u001b[31m+     </h1>\u001b[39m\n    \u001b[31m+     <slot name=\"choose\"></slot>\u001b[39m\n    \u001b[31m+     <h2 class=\"api data dynamic\">\u001b[39m\n    \u001b[31m+       loading...\u001b[39m\n    \u001b[31m+     </h2>\u001b[39m\n    \u001b[31m+     <slot></slot>\u001b[39m\n    \u001b[31m+ \u001b[7m    <button></button\u001b[27m>\u001b[39m\n    \u001b[2m    </template>\u001b[22m\n    \u001b[2m  </my-button>\u001b[22m\n\u001b[2m\u001b[22m\n\u001b[2m    \u001b[0m \u001b[90m  8 |\u001b[39m       html\u001b[33m:\u001b[39m \u001b[32m`<my-button></my-button>`\u001b[39m\u001b[33m,\u001b[39m\u001b[22m\n\u001b[2m     \u001b[90m  9 |\u001b[39m     })\u001b[33m;\u001b[39m\u001b[22m\n\u001b[2m    \u001b[31m\u001b[1m>\u001b[22m\u001b[2m\u001b[39m\u001b[90m 10 |\u001b[39m     expect(page\u001b[33m.\u001b[39mroot)\u001b[33m.\u001b[39mtoEqualHtml(\u001b[32m`\u001b[39m\u001b[22m\n\u001b[2m     \u001b[90m    |\u001b[39m                       \u001b[31m\u001b[1m^\u001b[22m\u001b[2m\u001b[39m\u001b[22m\n\u001b[2m     \u001b[90m 11 |\u001b[39m \u001b[32m      <my-button>\u001b[39m\u001b[22m\n\u001b[2m     \u001b[90m 12 |\u001b[39m \u001b[32m        <mock:shadow-root>\u001b[39m\u001b[22m\n\u001b[2m     \u001b[90m 13 |\u001b[39m \u001b[32m          <slot></slot>\u001b[39m\u001b[0m\u001b[22m\n\u001b[2m\u001b[22m\n\u001b[2m      \u001b[2mat compareHtml3 (\u001b[22m\u001b[2mnode_modules/@stencil/core/testing/index.js\u001b[2m:5558:24)\u001b[22m\u001b[2m\u001b[22m\n\u001b[2m      \u001b[2mat Object.toEqualHtml3 (\u001b[22m\u001b[2mnode_modules/@stencil/core/testing/index.js\u001b[2m:5514:10)\u001b[22m\u001b[2m\u001b[22m\n\u001b[2m      \u001b[2mat __EXTERNAL_MATCHER_TRAP__ (\u001b[22m\u001b[2mnode_modules/expect/build/index.js\u001b[2m:325:30)\u001b[22m\u001b[2m\u001b[22m\n\u001b[2m      \u001b[2mat Object.throwingMatcher [as toEqualHtml] (\u001b[22m\u001b[2mnode_modules/expect/build/index.js\u001b[2m:326:15)\u001b[22m\u001b[2m\u001b[22m\n\u001b[2m      \u001b[2mat Object.<anonymous> (\u001b[22m\u001b[2m\u001b[0m\u001b[36msrc/components/my-button/test/my-button.spec.tsx\u001b[39m\u001b[0m\u001b[2m:10:23)\u001b[22m\u001b[2m\u001b[22m\n"},{"leaks":false,"numFailingTests":1,"numPassingTests":0,"numPendingTests":0,"numTodoTests":0,"openHandles":[],"perfStats":{"end":1730630422749,"runtime":1552,"slow":false,"start":1730630421197},"skipped":false,"snapshot":{"added":0,"fileDeleted":false,"matched":0,"unchecked":0,"uncheckedKeys":[],"unmatched":0,"updated":0},"testFilePath":"D:\\Sanjeet\\StencilJS\\stenciljs-components\\src\\components\\combo-box\\test\\combo-box.spec.tsx","testResults":[{"ancestorTitles":["combo-box"],"duration":63,"failureDetails":[{"matcherResult":{"actual":"<combo-box>\n  <template shadowrootmode=\"open\">\n    <div class=\"dropdown-list\">\n      <label class=\"dropdown\">\n        <input id=\"combo-input\" readonly=\"\" type=\"text\">\n      </label>\n      <ul class=\"ulClass\">\n        <li></li>\n      </ul>\n    </div>\n  </template>\n</combo-box>","expected":"<combo-box>\n  <template shadowrootmode=\"open\">\n    <slot></slot>\n  </template>\n</combo-box>","message":"\u001b[2mexpect(\u001b[22m\u001b[31mreceived\u001b[39m\u001b[2m).\u001b[22mtoBe\u001b[2m(\u001b[22m\u001b[32mexpected\u001b[39m\u001b[2m) // Object.is equality\u001b[22m\n\n\u001b[32m- Expected  - 1\u001b[39m\n\u001b[31m+ Received  + 8\u001b[39m\n\n\u001b[2m  <combo-box>\u001b[22m\n\u001b[2m    <template shadowrootmode=\"open\">\u001b[22m\n\u001b[32m-     <\u001b[7mslot></slot\u001b[27m>\u001b[39m\n\u001b[31m+     <\u001b[7mdiv class=\"dropdown-list\">\u001b[27m\u001b[39m\n\u001b[31m+       <label class=\"dropdown\">\u001b[39m\n\u001b[31m+         <input id=\"combo-input\" readonly=\"\" type=\"text\">\u001b[39m\n\u001b[31m+       </label>\u001b[39m\n\u001b[31m+       <ul class=\"ulClass\">\u001b[39m\n\u001b[31m+         <li></li>\u001b[39m\n\u001b[31m+       </ul>\u001b[39m\n\u001b[31m+ \u001b[7m    </div\u001b[27m>\u001b[39m\n\u001b[2m    </template>\u001b[22m\n\u001b[2m  </combo-box>\u001b[22m","name":"toBe","pass":false}}],"failureMessages":["Error: \u001b[2mexpect(\u001b[22m\u001b[31mreceived\u001b[39m\u001b[2m).\u001b[22mtoBe\u001b[2m(\u001b[22m\u001b[32mexpected\u001b[39m\u001b[2m) // Object.is equality\u001b[22m\n\n\u001b[32m- Expected  - 1\u001b[39m\n\u001b[31m+ Received  + 8\u001b[39m\n\n\u001b[2m  <combo-box>\u001b[22m\n\u001b[2m    <template shadowrootmode=\"open\">\u001b[22m\n\u001b[32m-     <\u001b[7mslot></slot\u001b[27m>\u001b[39m\n\u001b[31m+     <\u001b[7mdiv class=\"dropdown-list\">\u001b[27m\u001b[39m\n\u001b[31m+       <label class=\"dropdown\">\u001b[39m\n\u001b[31m+         <input id=\"combo-input\" readonly=\"\" type=\"text\">\u001b[39m\n\u001b[31m+       </label>\u001b[39m\n\u001b[31m+       <ul class=\"ulClass\">\u001b[39m\n\u001b[31m+         <li></li>\u001b[39m\n\u001b[31m+       </ul>\u001b[39m\n\u001b[31m+ \u001b[7m    </div\u001b[27m>\u001b[39m\n\u001b[2m    </template>\u001b[22m\n\u001b[2m  </combo-box>\u001b[22m\n    at compareHtml3 (D:\\Sanjeet\\StencilJS\\stenciljs-components\\node_modules\\@stencil\\core\\testing\\index.js:5558:24)\n    at Object.toEqualHtml3 (D:\\Sanjeet\\StencilJS\\stenciljs-components\\node_modules\\@stencil\\core\\testing\\index.js:5514:10)\n    at __EXTERNAL_MATCHER_TRAP__ (D:\\Sanjeet\\StencilJS\\stenciljs-components\\node_modules\\expect\\build\\index.js:325:30)\n    at Object.throwingMatcher [as toEqualHtml] (D:\\Sanjeet\\StencilJS\\stenciljs-components\\node_modules\\expect\\build\\index.js:326:15)\n    at Object.<anonymous> (D:\\Sanjeet\\StencilJS\\stenciljs-components\\src\\components\\combo-box\\test\\combo-box.spec.tsx:10:23)\n    at processTicksAndRejections (node:internal/process/task_queues:95:5)"],"fullName":"combo-box renders","invocations":1,"location":null,"numPassingAsserts":0,"retryReasons":[],"status":"failed","title":"renders"}],"failureMessage":"\u001b[1m\u001b[31m  \u001b[1m● \u001b[22m\u001b[1mcombo-box › renders\u001b[39m\u001b[22m\n\n    \u001b[2mexpect(\u001b[22m\u001b[31mreceived\u001b[39m\u001b[2m).\u001b[22mtoBe\u001b[2m(\u001b[22m\u001b[32mexpected\u001b[39m\u001b[2m) // Object.is equality\u001b[22m\n\n    \u001b[32m- Expected  - 1\u001b[39m\n    \u001b[31m+ Received  + 8\u001b[39m\n\n    \u001b[2m  <combo-box>\u001b[22m\n    \u001b[2m    <template shadowrootmode=\"open\">\u001b[22m\n    \u001b[32m-     <\u001b[7mslot></slot\u001b[27m>\u001b[39m\n    \u001b[31m+     <\u001b[7mdiv class=\"dropdown-list\">\u001b[27m\u001b[39m\n    \u001b[31m+       <label class=\"dropdown\">\u001b[39m\n    \u001b[31m+         <input id=\"combo-input\" readonly=\"\" type=\"text\">\u001b[39m\n    \u001b[31m+       </label>\u001b[39m\n    \u001b[31m+       <ul class=\"ulClass\">\u001b[39m\n    \u001b[31m+         <li></li>\u001b[39m\n    \u001b[31m+       </ul>\u001b[39m\n    \u001b[31m+ \u001b[7m    </div\u001b[27m>\u001b[39m\n    \u001b[2m    </template>\u001b[22m\n    \u001b[2m  </combo-box>\u001b[22m\n\u001b[2m\u001b[22m\n\u001b[2m    \u001b[0m \u001b[90m  8 |\u001b[39m       html\u001b[33m:\u001b[39m \u001b[32m`<combo-box></combo-box>`\u001b[39m\u001b[33m,\u001b[39m\u001b[22m\n\u001b[2m     \u001b[90m  9 |\u001b[39m     })\u001b[33m;\u001b[39m\u001b[22m\n\u001b[2m    \u001b[31m\u001b[1m>\u001b[22m\u001b[2m\u001b[39m\u001b[90m 10 |\u001b[39m     expect(page\u001b[33m.\u001b[39mroot)\u001b[33m.\u001b[39mtoEqualHtml(\u001b[32m`\u001b[39m\u001b[22m\n\u001b[2m     \u001b[90m    |\u001b[39m                       \u001b[31m\u001b[1m^\u001b[22m\u001b[2m\u001b[39m\u001b[22m\n\u001b[2m     \u001b[90m 11 |\u001b[39m \u001b[32m      <combo-box>\u001b[39m\u001b[22m\n\u001b[2m     \u001b[90m 12 |\u001b[39m \u001b[32m        <mock:shadow-root>\u001b[39m\u001b[22m\n\u001b[2m     \u001b[90m 13 |\u001b[39m \u001b[32m          <slot></slot>\u001b[39m\u001b[0m\u001b[22m\n\u001b[2m\u001b[22m\n\u001b[2m      \u001b[2mat compareHtml3 (\u001b[22m\u001b[2mnode_modules/@stencil/core/testing/index.js\u001b[2m:5558:24)\u001b[22m\u001b[2m\u001b[22m\n\u001b[2m      \u001b[2mat Object.toEqualHtml3 (\u001b[22m\u001b[2mnode_modules/@stencil/core/testing/index.js\u001b[2m:5514:10)\u001b[22m\u001b[2m\u001b[22m\n\u001b[2m      \u001b[2mat __EXTERNAL_MATCHER_TRAP__ (\u001b[22m\u001b[2mnode_modules/expect/build/index.js\u001b[2m:325:30)\u001b[22m\u001b[2m\u001b[22m\n\u001b[2m      \u001b[2mat Object.throwingMatcher [as toEqualHtml] (\u001b[22m\u001b[2mnode_modules/expect/build/index.js\u001b[2m:326:15)\u001b[22m\u001b[2m\u001b[22m\n\u001b[2m      \u001b[2mat Object.<anonymous> (\u001b[22m\u001b[2m\u001b[0m\u001b[36msrc/components/combo-box/test/combo-box.spec.tsx\u001b[39m\u001b[0m\u001b[2m:10:23)\u001b[22m\u001b[2m\u001b[22m\n"},{"leaks":false,"numFailingTests":1,"numPassingTests":0,"numPendingTests":0,"numTodoTests":0,"openHandles":[],"perfStats":{"end":1730630422839,"runtime":1696,"slow":false,"start":1730630421143},"skipped":false,"snapshot":{"added":0,"fileDeleted":false,"matched":0,"unchecked":0,"uncheckedKeys":[],"unmatched":0,"updated":0},"testFilePath":"D:\\Sanjeet\\StencilJS\\stenciljs-components\\src\\components\\my-name\\test\\my-name.spec.tsx","testResults":[{"ancestorTitles":["my-name"],"duration":78,"failureDetails":[{"matcherResult":{"actual":"<my-name>\n  <template shadowrootmode=\"open\">\n    <slot></slot>\n    <h1>\n      Hello, my name is . My State is 2\n    </h1>\n    <button>\n      Test\n    </button>\n  </template>\n</my-name>","expected":"<my-name>\n  <template shadowrootmode=\"open\">\n    <slot></slot>\n  </template>\n</my-name>","message":"\u001b[2mexpect(\u001b[22m\u001b[31mreceived\u001b[39m\u001b[2m).\u001b[22mtoBe\u001b[2m(\u001b[22m\u001b[32mexpected\u001b[39m\u001b[2m) // Object.is equality\u001b[22m\n\n\u001b[32m- Expected  - 0\u001b[39m\n\u001b[31m+ Received  + 6\u001b[39m\n\n\u001b[2m  <my-name>\u001b[22m\n\u001b[2m    <template shadowrootmode=\"open\">\u001b[22m\n\u001b[2m      <slot></slot>\u001b[22m\n\u001b[31m+     <h1>\u001b[39m\n\u001b[31m+       Hello, my name is . My State is 2\u001b[39m\n\u001b[31m+     </h1>\u001b[39m\n\u001b[31m+     <button>\u001b[39m\n\u001b[31m+       Test\u001b[39m\n\u001b[31m+     </button>\u001b[39m\n\u001b[2m    </template>\u001b[22m\n\u001b[2m  </my-name>\u001b[22m","name":"toBe","pass":false}}],"failureMessages":["Error: \u001b[2mexpect(\u001b[22m\u001b[31mreceived\u001b[39m\u001b[2m).\u001b[22mtoBe\u001b[2m(\u001b[22m\u001b[32mexpected\u001b[39m\u001b[2m) // Object.is equality\u001b[22m\n\n\u001b[32m- Expected  - 0\u001b[39m\n\u001b[31m+ Received  + 6\u001b[39m\n\n\u001b[2m  <my-name>\u001b[22m\n\u001b[2m    <template shadowrootmode=\"open\">\u001b[22m\n\u001b[2m      <slot></slot>\u001b[22m\n\u001b[31m+     <h1>\u001b[39m\n\u001b[31m+       Hello, my name is . My State is 2\u001b[39m\n\u001b[31m+     </h1>\u001b[39m\n\u001b[31m+     <button>\u001b[39m\n\u001b[31m+       Test\u001b[39m\n\u001b[31m+     </button>\u001b[39m\n\u001b[2m    </template>\u001b[22m\n\u001b[2m  </my-name>\u001b[22m\n    at compareHtml3 (D:\\Sanjeet\\StencilJS\\stenciljs-components\\node_modules\\@stencil\\core\\testing\\index.js:5558:24)\n    at Object.toEqualHtml3 (D:\\Sanjeet\\StencilJS\\stenciljs-components\\node_modules\\@stencil\\core\\testing\\index.js:5514:10)\n    at __EXTERNAL_MATCHER_TRAP__ (D:\\Sanjeet\\StencilJS\\stenciljs-components\\node_modules\\expect\\build\\index.js:325:30)\n    at Object.throwingMatcher [as toEqualHtml] (D:\\Sanjeet\\StencilJS\\stenciljs-components\\node_modules\\expect\\build\\index.js:326:15)\n    at Object.<anonymous> (D:\\Sanjeet\\StencilJS\\stenciljs-components\\src\\components\\my-name\\test\\my-name.spec.tsx:10:23)\n    at processTicksAndRejections (node:internal/process/task_queues:95:5)"],"fullName":"my-name renders","invocations":1,"location":null,"numPassingAsserts":0,"retryReasons":[],"status":"failed","title":"renders"}],"failureMessage":"\u001b[1m\u001b[31m  \u001b[1m● \u001b[22m\u001b[1mmy-name › renders\u001b[39m\u001b[22m\n\n    \u001b[2mexpect(\u001b[22m\u001b[31mreceived\u001b[39m\u001b[2m).\u001b[22mtoBe\u001b[2m(\u001b[22m\u001b[32mexpected\u001b[39m\u001b[2m) // Object.is equality\u001b[22m\n\n    \u001b[32m- Expected  - 0\u001b[39m\n    \u001b[31m+ Received  + 6\u001b[39m\n\n    \u001b[2m  <my-name>\u001b[22m\n    \u001b[2m    <template shadowrootmode=\"open\">\u001b[22m\n    \u001b[2m      <slot></slot>\u001b[22m\n    \u001b[31m+     <h1>\u001b[39m\n    \u001b[31m+       Hello, my name is . My State is 2\u001b[39m\n    \u001b[31m+     </h1>\u001b[39m\n    \u001b[31m+     <button>\u001b[39m\n    \u001b[31m+       Test\u001b[39m\n    \u001b[31m+     </button>\u001b[39m\n    \u001b[2m    </template>\u001b[22m\n    \u001b[2m  </my-name>\u001b[22m\n\u001b[2m\u001b[22m\n\u001b[2m    \u001b[0m \u001b[90m  8 |\u001b[39m       html\u001b[33m:\u001b[39m \u001b[32m`<my-name></my-name>`\u001b[39m\u001b[33m,\u001b[39m\u001b[22m\n\u001b[2m     \u001b[90m  9 |\u001b[39m     })\u001b[33m;\u001b[39m\u001b[22m\n\u001b[2m    \u001b[31m\u001b[1m>\u001b[22m\u001b[2m\u001b[39m\u001b[90m 10 |\u001b[39m     expect(page\u001b[33m.\u001b[39mroot)\u001b[33m.\u001b[39mtoEqualHtml(\u001b[32m`\u001b[39m\u001b[22m\n\u001b[2m     \u001b[90m    |\u001b[39m                       \u001b[31m\u001b[1m^\u001b[22m\u001b[2m\u001b[39m\u001b[22m\n\u001b[2m     \u001b[90m 11 |\u001b[39m \u001b[32m      <my-name>\u001b[39m\u001b[22m\n\u001b[2m     \u001b[90m 12 |\u001b[39m \u001b[32m        <mock:shadow-root>\u001b[39m\u001b[22m\n\u001b[2m     \u001b[90m 13 |\u001b[39m \u001b[32m          <slot></slot>\u001b[39m\u001b[0m\u001b[22m\n\u001b[2m\u001b[22m\n\u001b[2m      \u001b[2mat compareHtml3 (\u001b[22m\u001b[2mnode_modules/@stencil/core/testing/index.js\u001b[2m:5558:24)\u001b[22m\u001b[2m\u001b[22m\n\u001b[2m      \u001b[2mat Object.toEqualHtml3 (\u001b[22m\u001b[2mnode_modules/@stencil/core/testing/index.js\u001b[2m:5514:10)\u001b[22m\u001b[2m\u001b[22m\n\u001b[2m      \u001b[2mat __EXTERNAL_MATCHER_TRAP__ (\u001b[22m\u001b[2mnode_modules/expect/build/index.js\u001b[2m:325:30)\u001b[22m\u001b[2m\u001b[22m\n\u001b[2m      \u001b[2mat Object.throwingMatcher [as toEqualHtml] (\u001b[22m\u001b[2mnode_modules/expect/build/index.js\u001b[2m:326:15)\u001b[22m\u001b[2m\u001b[22m\n\u001b[2m      \u001b[2mat Object.<anonymous> (\u001b[22m\u001b[2m\u001b[0m\u001b[36msrc/components/my-name/test/my-name.spec.tsx\u001b[39m\u001b[0m\u001b[2m:10:23)\u001b[22m\u001b[2m\u001b[22m\n"},{"leaks":false,"numFailingTests":1,"numPassingTests":0,"numPendingTests":0,"numTodoTests":0,"openHandles":[],"perfStats":{"end":1730630422889,"runtime":1614,"slow":false,"start":1730630421275},"skipped":false,"snapshot":{"added":0,"fileDeleted":false,"matched":0,"unchecked":0,"uncheckedKeys":[],"unmatched":0,"updated":0},"testFilePath":"D:\\Sanjeet\\StencilJS\\stenciljs-components\\src\\components\\my-dashboard\\test\\my-dashboard.spec.tsx","testResults":[{"ancestorTitles":["my-dashboard"],"duration":79,"failureDetails":[{"matcherResult":{"actual":"<my-dashboard>\n  <template shadowrootmode=\"open\">\n    <ion-app>\n      <ion-page>\n        <ion-router>\n          <ion-route component=\"app-home\" url=\"/\"></ion-route>\n          <ion-route component=\"app-profile\" url=\"/profile/:name\"></ion-route>\n        </ion-router>\n        <ion-nav></ion-nav>\n      </ion-page>\n    </ion-app>\n  </template>\n</my-dashboard>","expected":"<my-dashboard>\n  <template shadowrootmode=\"open\">\n    <slot></slot>\n  </template>\n</my-dashboard>","message":"\u001b[2mexpect(\u001b[22m\u001b[31mreceived\u001b[39m\u001b[2m).\u001b[22mtoBe\u001b[2m(\u001b[22m\u001b[32mexpected\u001b[39m\u001b[2m) // Object.is equality\u001b[22m\n\n\u001b[32m- Expected  - 1\u001b[39m\n\u001b[31m+ Received  + 9\u001b[39m\n\n\u001b[2m  <my-dashboard>\u001b[22m\n\u001b[2m    <template shadowrootmode=\"open\">\u001b[22m\n\u001b[32m-     <\u001b[7mslot></slot\u001b[27m>\u001b[39m\n\u001b[31m+     <\u001b[7mion-app>\u001b[27m\u001b[39m\n\u001b[31m+       <ion-page>\u001b[39m\n\u001b[31m+         <ion-router>\u001b[39m\n\u001b[31m+           <ion-route component=\"app-home\" url=\"/\"></ion-route>\u001b[39m\n\u001b[31m+           <ion-route component=\"app-profile\" url=\"/profile/:name\"></ion-route>\u001b[39m\n\u001b[31m+         </ion-router>\u001b[39m\n\u001b[31m+         <ion-nav></ion-nav>\u001b[39m\n\u001b[31m+       </ion-page>\u001b[39m\n\u001b[31m+ \u001b[7m    </ion-app\u001b[27m>\u001b[39m\n\u001b[2m    </template>\u001b[22m\n\u001b[2m  </my-dashboard>\u001b[22m","name":"toBe","pass":false}}],"failureMessages":["Error: \u001b[2mexpect(\u001b[22m\u001b[31mreceived\u001b[39m\u001b[2m).\u001b[22mtoBe\u001b[2m(\u001b[22m\u001b[32mexpected\u001b[39m\u001b[2m) // Object.is equality\u001b[22m\n\n\u001b[32m- Expected  - 1\u001b[39m\n\u001b[31m+ Received  + 9\u001b[39m\n\n\u001b[2m  <my-dashboard>\u001b[22m\n\u001b[2m    <template shadowrootmode=\"open\">\u001b[22m\n\u001b[32m-     <\u001b[7mslot></slot\u001b[27m>\u001b[39m\n\u001b[31m+     <\u001b[7mion-app>\u001b[27m\u001b[39m\n\u001b[31m+       <ion-page>\u001b[39m\n\u001b[31m+         <ion-router>\u001b[39m\n\u001b[31m+           <ion-route component=\"app-home\" url=\"/\"></ion-route>\u001b[39m\n\u001b[31m+           <ion-route component=\"app-profile\" url=\"/profile/:name\"></ion-route>\u001b[39m\n\u001b[31m+         </ion-router>\u001b[39m\n\u001b[31m+         <ion-nav></ion-nav>\u001b[39m\n\u001b[31m+       </ion-page>\u001b[39m\n\u001b[31m+ \u001b[7m    </ion-app\u001b[27m>\u001b[39m\n\u001b[2m    </template>\u001b[22m\n\u001b[2m  </my-dashboard>\u001b[22m\n    at compareHtml3 (D:\\Sanjeet\\StencilJS\\stenciljs-components\\node_modules\\@stencil\\core\\testing\\index.js:5558:24)\n    at Object.toEqualHtml3 (D:\\Sanjeet\\StencilJS\\stenciljs-components\\node_modules\\@stencil\\core\\testing\\index.js:5514:10)\n    at __EXTERNAL_MATCHER_TRAP__ (D:\\Sanjeet\\StencilJS\\stenciljs-components\\node_modules\\expect\\build\\index.js:325:30)\n    at Object.throwingMatcher [as toEqualHtml] (D:\\Sanjeet\\StencilJS\\stenciljs-components\\node_modules\\expect\\build\\index.js:326:15)\n    at Object.<anonymous> (D:\\Sanjeet\\StencilJS\\stenciljs-components\\src\\components\\my-dashboard\\test\\my-dashboard.spec.tsx:10:23)\n    at processTicksAndRejections (node:internal/process/task_queues:95:5)"],"fullName":"my-dashboard renders","invocations":1,"location":null,"numPassingAsserts":0,"retryReasons":[],"status":"failed","title":"renders"}],"failureMessage":"\u001b[1m\u001b[31m  \u001b[1m● \u001b[22m\u001b[1mmy-dashboard › renders\u001b[39m\u001b[22m\n\n    \u001b[2mexpect(\u001b[22m\u001b[31mreceived\u001b[39m\u001b[2m).\u001b[22mtoBe\u001b[2m(\u001b[22m\u001b[32mexpected\u001b[39m\u001b[2m) // Object.is equality\u001b[22m\n\n    \u001b[32m- Expected  - 1\u001b[39m\n    \u001b[31m+ Received  + 9\u001b[39m\n\n    \u001b[2m  <my-dashboard>\u001b[22m\n    \u001b[2m    <template shadowrootmode=\"open\">\u001b[22m\n    \u001b[32m-     <\u001b[7mslot></slot\u001b[27m>\u001b[39m\n    \u001b[31m+     <\u001b[7mion-app>\u001b[27m\u001b[39m\n    \u001b[31m+       <ion-page>\u001b[39m\n    \u001b[31m+         <ion-router>\u001b[39m\n    \u001b[31m+           <ion-route component=\"app-home\" url=\"/\"></ion-route>\u001b[39m\n    \u001b[31m+           <ion-route component=\"app-profile\" url=\"/profile/:name\"></ion-route>\u001b[39m\n    \u001b[31m+         </ion-router>\u001b[39m\n    \u001b[31m+         <ion-nav></ion-nav>\u001b[39m\n    \u001b[31m+       </ion-page>\u001b[39m\n    \u001b[31m+ \u001b[7m    </ion-app\u001b[27m>\u001b[39m\n    \u001b[2m    </template>\u001b[22m\n    \u001b[2m  </my-dashboard>\u001b[22m\n\u001b[2m\u001b[22m\n\u001b[2m    \u001b[0m \u001b[90m  8 |\u001b[39m       html\u001b[33m:\u001b[39m \u001b[32m`<my-dashboard></my-dashboard>`\u001b[39m\u001b[33m,\u001b[39m\u001b[22m\n\u001b[2m     \u001b[90m  9 |\u001b[39m     })\u001b[33m;\u001b[39m\u001b[22m\n\u001b[2m    \u001b[31m\u001b[1m>\u001b[22m\u001b[2m\u001b[39m\u001b[90m 10 |\u001b[39m     expect(page\u001b[33m.\u001b[39mroot)\u001b[33m.\u001b[39mtoEqualHtml(\u001b[32m`\u001b[39m\u001b[22m\n\u001b[2m     \u001b[90m    |\u001b[39m                       \u001b[31m\u001b[1m^\u001b[22m\u001b[2m\u001b[39m\u001b[22m\n\u001b[2m     \u001b[90m 11 |\u001b[39m \u001b[32m      <my-dashboard>\u001b[39m\u001b[22m\n\u001b[2m     \u001b[90m 12 |\u001b[39m \u001b[32m        <mock:shadow-root>\u001b[39m\u001b[22m\n\u001b[2m     \u001b[90m 13 |\u001b[39m \u001b[32m          <slot></slot>\u001b[39m\u001b[0m\u001b[22m\n\u001b[2m\u001b[22m\n\u001b[2m      \u001b[2mat compareHtml3 (\u001b[22m\u001b[2mnode_modules/@stencil/core/testing/index.js\u001b[2m:5558:24)\u001b[22m\u001b[2m\u001b[22m\n\u001b[2m      \u001b[2mat Object.toEqualHtml3 (\u001b[22m\u001b[2mnode_modules/@stencil/core/testing/index.js\u001b[2m:5514:10)\u001b[22m\u001b[2m\u001b[22m\n\u001b[2m      \u001b[2mat __EXTERNAL_MATCHER_TRAP__ (\u001b[22m\u001b[2mnode_modules/expect/build/index.js\u001b[2m:325:30)\u001b[22m\u001b[2m\u001b[22m\n\u001b[2m      \u001b[2mat Object.throwingMatcher [as toEqualHtml] (\u001b[22m\u001b[2mnode_modules/expect/build/index.js\u001b[2m:326:15)\u001b[22m\u001b[2m\u001b[22m\n\u001b[2m      \u001b[2mat Object.<anonymous> (\u001b[22m\u001b[2m\u001b[0m\u001b[36msrc/components/my-dashboard/test/my-dashboard.spec.tsx\u001b[39m\u001b[0m\u001b[2m:10:23)\u001b[22m\u001b[2m\u001b[22m\n"},{"leaks":false,"numFailingTests":1,"numPassingTests":0,"numPendingTests":0,"numTodoTests":0,"openHandles":[],"perfStats":{"end":1730630424025,"runtime":2027,"slow":false,"start":1730630421998},"skipped":false,"snapshot":{"added":0,"fileDeleted":false,"matched":0,"unchecked":0,"uncheckedKeys":[],"unmatched":0,"updated":0},"testFilePath":"D:\\Sanjeet\\StencilJS\\stenciljs-components\\src\\components\\test-button\\test\\test-button.spec.tsx","testResults":[{"ancestorTitles":["test-button"],"duration":23,"failureDetails":[{"matcherResult":{"actual":"<test-button>\n  <template shadowrootmode=\"open\">\n    <h1>\n      Test Button\n    </h1>\n    <button class=\"button-default\">\n      <slot></slot>\n    </button>\n    <div class=\"test-button\"></div>\n  </template>\n</test-button>","expected":"<test-button>\n  <template shadowrootmode=\"open\">\n    <slot></slot>\n  </template>\n</test-button>","message":"\u001b[2mexpect(\u001b[22m\u001b[31mreceived\u001b[39m\u001b[2m).\u001b[22mtoBe\u001b[2m(\u001b[22m\u001b[32mexpected\u001b[39m\u001b[2m) // Object.is equality\u001b[22m\n\n\u001b[32m- Expected  - 1\u001b[39m\n\u001b[31m+ Received  + 7\u001b[39m\n\n\u001b[2m  <test-button>\u001b[22m\n\u001b[2m    <template shadowrootmode=\"open\">\u001b[22m\n\u001b[32m-     <\u001b[7mslot></slot\u001b[27m>\u001b[39m\n\u001b[31m+     <\u001b[7mh1>\u001b[27m\u001b[39m\n\u001b[31m+       Test Button\u001b[39m\n\u001b[31m+     </h1>\u001b[39m\n\u001b[31m+     <button class=\"button-default\">\u001b[39m\n\u001b[31m+       <slot></slot>\u001b[39m\n\u001b[31m+     </button>\u001b[39m\n\u001b[31m+ \u001b[7m    <div class=\"test-button\"></div\u001b[27m>\u001b[39m\n\u001b[2m    </template>\u001b[22m\n\u001b[2m  </test-button>\u001b[22m","name":"toBe","pass":false}}],"failureMessages":["Error: \u001b[2mexpect(\u001b[22m\u001b[31mreceived\u001b[39m\u001b[2m).\u001b[22mtoBe\u001b[2m(\u001b[22m\u001b[32mexpected\u001b[39m\u001b[2m) // Object.is equality\u001b[22m\n\n\u001b[32m- Expected  - 1\u001b[39m\n\u001b[31m+ Received  + 7\u001b[39m\n\n\u001b[2m  <test-button>\u001b[22m\n\u001b[2m    <template shadowrootmode=\"open\">\u001b[22m\n\u001b[32m-     <\u001b[7mslot></slot\u001b[27m>\u001b[39m\n\u001b[31m+     <\u001b[7mh1>\u001b[27m\u001b[39m\n\u001b[31m+       Test Button\u001b[39m\n\u001b[31m+     </h1>\u001b[39m\n\u001b[31m+     <button class=\"button-default\">\u001b[39m\n\u001b[31m+       <slot></slot>\u001b[39m\n\u001b[31m+     </button>\u001b[39m\n\u001b[31m+ \u001b[7m    <div class=\"test-button\"></div\u001b[27m>\u001b[39m\n\u001b[2m    </template>\u001b[22m\n\u001b[2m  </test-button>\u001b[22m\n    at compareHtml3 (D:\\Sanjeet\\StencilJS\\stenciljs-components\\node_modules\\@stencil\\core\\testing\\index.js:5558:24)\n    at Object.toEqualHtml3 (D:\\Sanjeet\\StencilJS\\stenciljs-components\\node_modules\\@stencil\\core\\testing\\index.js:5514:10)\n    at __EXTERNAL_MATCHER_TRAP__ (D:\\Sanjeet\\StencilJS\\stenciljs-components\\node_modules\\expect\\build\\index.js:325:30)\n    at Object.throwingMatcher [as toEqualHtml] (D:\\Sanjeet\\StencilJS\\stenciljs-components\\node_modules\\expect\\build\\index.js:326:15)\n    at Object.<anonymous> (D:\\Sanjeet\\StencilJS\\stenciljs-components\\src\\components\\test-button\\test\\test-button.spec.tsx:10:23)\n    at processTicksAndRejections (node:internal/process/task_queues:95:5)"],"fullName":"test-button renders","invocations":1,"location":null,"numPassingAsserts":0,"retryReasons":[],"status":"failed","title":"renders"}],"failureMessage":"\u001b[1m\u001b[31m  \u001b[1m● \u001b[22m\u001b[1mtest-button › renders\u001b[39m\u001b[22m\n\n    \u001b[2mexpect(\u001b[22m\u001b[31mreceived\u001b[39m\u001b[2m).\u001b[22mtoBe\u001b[2m(\u001b[22m\u001b[32mexpected\u001b[39m\u001b[2m) // Object.is equality\u001b[22m\n\n    \u001b[32m- Expected  - 1\u001b[39m\n    \u001b[31m+ Received  + 7\u001b[39m\n\n    \u001b[2m  <test-button>\u001b[22m\n    \u001b[2m    <template shadowrootmode=\"open\">\u001b[22m\n    \u001b[32m-     <\u001b[7mslot></slot\u001b[27m>\u001b[39m\n    \u001b[31m+     <\u001b[7mh1>\u001b[27m\u001b[39m\n    \u001b[31m+       Test Button\u001b[39m\n    \u001b[31m+     </h1>\u001b[39m\n    \u001b[31m+     <button class=\"button-default\">\u001b[39m\n    \u001b[31m+       <slot></slot>\u001b[39m\n    \u001b[31m+     </button>\u001b[39m\n    \u001b[31m+ \u001b[7m    <div class=\"test-button\"></div\u001b[27m>\u001b[39m\n    \u001b[2m    </template>\u001b[22m\n    \u001b[2m  </test-button>\u001b[22m\n\u001b[2m\u001b[22m\n\u001b[2m    \u001b[0m \u001b[90m  8 |\u001b[39m       html\u001b[33m:\u001b[39m \u001b[32m`<test-button></test-button>`\u001b[39m\u001b[33m,\u001b[39m\u001b[22m\n\u001b[2m     \u001b[90m  9 |\u001b[39m     })\u001b[33m;\u001b[39m\u001b[22m\n\u001b[2m    \u001b[31m\u001b[1m>\u001b[22m\u001b[2m\u001b[39m\u001b[90m 10 |\u001b[39m     expect(page\u001b[33m.\u001b[39mroot)\u001b[33m.\u001b[39mtoEqualHtml(\u001b[32m`\u001b[39m\u001b[22m\n\u001b[2m     \u001b[90m    |\u001b[39m                       \u001b[31m\u001b[1m^\u001b[22m\u001b[2m\u001b[39m\u001b[22m\n\u001b[2m     \u001b[90m 11 |\u001b[39m \u001b[32m      <test-button>\u001b[39m\u001b[22m\n\u001b[2m     \u001b[90m 12 |\u001b[39m \u001b[32m        <mock:shadow-root>\u001b[39m\u001b[22m\n\u001b[2m     \u001b[90m 13 |\u001b[39m \u001b[32m          <slot></slot>\u001b[39m\u001b[0m\u001b[22m\n\u001b[2m\u001b[22m\n\u001b[2m      \u001b[2mat compareHtml3 (\u001b[22m\u001b[2mnode_modules/@stencil/core/testing/index.js\u001b[2m:5558:24)\u001b[22m\u001b[2m\u001b[22m\n\u001b[2m      \u001b[2mat Object.toEqualHtml3 (\u001b[22m\u001b[2mnode_modules/@stencil/core/testing/index.js\u001b[2m:5514:10)\u001b[22m\u001b[2m\u001b[22m\n\u001b[2m      \u001b[2mat __EXTERNAL_MATCHER_TRAP__ (\u001b[22m\u001b[2mnode_modules/expect/build/index.js\u001b[2m:325:30)\u001b[22m\u001b[2m\u001b[22m\n\u001b[2m      \u001b[2mat Object.throwingMatcher [as toEqualHtml] (\u001b[22m\u001b[2mnode_modules/expect/build/index.js\u001b[2m:326:15)\u001b[22m\u001b[2m\u001b[22m\n\u001b[2m      \u001b[2mat Object.<anonymous> (\u001b[22m\u001b[2m\u001b[0m\u001b[36msrc/components/test-button/test/test-button.spec.tsx\u001b[39m\u001b[0m\u001b[2m:10:23)\u001b[22m\u001b[2m\u001b[22m\n"},{"leaks":false,"numFailingTests":1,"numPassingTests":0,"numPendingTests":0,"numTodoTests":0,"openHandles":[],"perfStats":{"end":1730630425494,"runtime":2670,"slow":false,"start":1730630422824},"skipped":false,"snapshot":{"added":0,"fileDeleted":false,"matched":0,"unchecked":0,"uncheckedKeys":[],"unmatched":0,"updated":0},"testFilePath":"D:\\Sanjeet\\StencilJS\\stenciljs-components\\src\\components\\stop-watch\\test\\stop-watch.spec.tsx","testResults":[{"ancestorTitles":["stop-watch"],"duration":66,"failureDetails":[{"matcherResult":{"actual":"<stop-watch>\n  <template shadowrootmode=\"open\">\n    <div class=\"watch-wrapper\">\n      <div class=\"watch\">\n        <div class=\"unit\"></div>\n        <div class=\"sep\">\n          :\n        </div>\n        <div class=\"unit\"></div>\n        <div class=\"sep\">\n          :\n        </div>\n        <div class=\"unit\"></div>\n        <div class=\"sep\">\n          :\n        </div>\n        <div class=\"unit\"></div>\n      </div>\n    </div>\n  </template>\n</stop-watch>","expected":"<stop-watch>\n  <template shadowrootmode=\"open\">\n    <slot></slot>\n  </template>\n</stop-watch>","message":"\u001b[2mexpect(\u001b[22m\u001b[31mreceived\u001b[39m\u001b[2m).\u001b[22mtoBe\u001b[2m(\u001b[22m\u001b[32mexpected\u001b[39m\u001b[2m) // Object.is equality\u001b[22m\n\n\u001b[32m- Expected  -  1\u001b[39m\n\u001b[31m+ Received  + 17\u001b[39m\n\n\u001b[2m  <stop-watch>\u001b[22m\n\u001b[2m    <template shadowrootmode=\"open\">\u001b[22m\n\u001b[32m-     <\u001b[7mslot></slot\u001b[27m>\u001b[39m\n\u001b[31m+     <\u001b[7mdiv class=\"watch-wrapper\">\u001b[27m\u001b[39m\n\u001b[31m+       <div class=\"watch\">\u001b[39m\n\u001b[31m+         <div class=\"unit\"></div>\u001b[39m\n\u001b[31m+         <div class=\"sep\">\u001b[39m\n\u001b[31m+           :\u001b[39m\n\u001b[31m+         </div>\u001b[39m\n\u001b[31m+         <div class=\"unit\"></div>\u001b[39m\n\u001b[31m+         <div class=\"sep\">\u001b[39m\n\u001b[31m+           :\u001b[39m\n\u001b[31m+         </div>\u001b[39m\n\u001b[31m+         <div class=\"unit\"></div>\u001b[39m\n\u001b[31m+         <div class=\"sep\">\u001b[39m\n\u001b[31m+           :\u001b[39m\n\u001b[31m+         </div>\u001b[39m\n\u001b[31m+         <div class=\"unit\"></div>\u001b[39m\n\u001b[31m+       </div>\u001b[39m\n\u001b[31m+ \u001b[7m    </div\u001b[27m>\u001b[39m\n\u001b[2m    </template>\u001b[22m\n\u001b[2m  </stop-watch>\u001b[22m","name":"toBe","pass":false}}],"failureMessages":["Error: \u001b[2mexpect(\u001b[22m\u001b[31mreceived\u001b[39m\u001b[2m).\u001b[22mtoBe\u001b[2m(\u001b[22m\u001b[32mexpected\u001b[39m\u001b[2m) // Object.is equality\u001b[22m\n\n\u001b[32m- Expected  -  1\u001b[39m\n\u001b[31m+ Received  + 17\u001b[39m\n\n\u001b[2m  <stop-watch>\u001b[22m\n\u001b[2m    <template shadowrootmode=\"open\">\u001b[22m\n\u001b[32m-     <\u001b[7mslot></slot\u001b[27m>\u001b[39m\n\u001b[31m+     <\u001b[7mdiv class=\"watch-wrapper\">\u001b[27m\u001b[39m\n\u001b[31m+       <div class=\"watch\">\u001b[39m\n\u001b[31m+         <div class=\"unit\"></div>\u001b[39m\n\u001b[31m+         <div class=\"sep\">\u001b[39m\n\u001b[31m+           :\u001b[39m\n\u001b[31m+         </div>\u001b[39m\n\u001b[31m+         <div class=\"unit\"></div>\u001b[39m\n\u001b[31m+         <div class=\"sep\">\u001b[39m\n\u001b[31m+           :\u001b[39m\n\u001b[31m+         </div>\u001b[39m\n\u001b[31m+         <div class=\"unit\"></div>\u001b[39m\n\u001b[31m+         <div class=\"sep\">\u001b[39m\n\u001b[31m+           :\u001b[39m\n\u001b[31m+         </div>\u001b[39m\n\u001b[31m+         <div class=\"unit\"></div>\u001b[39m\n\u001b[31m+       </div>\u001b[39m\n\u001b[31m+ \u001b[7m    </div\u001b[27m>\u001b[39m\n\u001b[2m    </template>\u001b[22m\n\u001b[2m  </stop-watch>\u001b[22m\n    at compareHtml3 (D:\\Sanjeet\\StencilJS\\stenciljs-components\\node_modules\\@stencil\\core\\testing\\index.js:5558:24)\n    at Object.toEqualHtml3 (D:\\Sanjeet\\StencilJS\\stenciljs-components\\node_modules\\@stencil\\core\\testing\\index.js:5514:10)\n    at __EXTERNAL_MATCHER_TRAP__ (D:\\Sanjeet\\StencilJS\\stenciljs-components\\node_modules\\expect\\build\\index.js:325:30)\n    at Object.throwingMatcher [as toEqualHtml] (D:\\Sanjeet\\StencilJS\\stenciljs-components\\node_modules\\expect\\build\\index.js:326:15)\n    at Object.<anonymous> (D:\\Sanjeet\\StencilJS\\stenciljs-components\\src\\components\\stop-watch\\test\\stop-watch.spec.tsx:10:23)\n    at processTicksAndRejections (node:internal/process/task_queues:95:5)"],"fullName":"stop-watch renders","invocations":1,"location":null,"numPassingAsserts":0,"retryReasons":[],"status":"failed","title":"renders"}],"failureMessage":"\u001b[1m\u001b[31m  \u001b[1m● \u001b[22m\u001b[1mstop-watch › renders\u001b[39m\u001b[22m\n\n    \u001b[2mexpect(\u001b[22m\u001b[31mreceived\u001b[39m\u001b[2m).\u001b[22mtoBe\u001b[2m(\u001b[22m\u001b[32mexpected\u001b[39m\u001b[2m) // Object.is equality\u001b[22m\n\n    \u001b[32m- Expected  -  1\u001b[39m\n    \u001b[31m+ Received  + 17\u001b[39m\n\n    \u001b[2m  <stop-watch>\u001b[22m\n    \u001b[2m    <template shadowrootmode=\"open\">\u001b[22m\n    \u001b[32m-     <\u001b[7mslot></slot\u001b[27m>\u001b[39m\n    \u001b[31m+     <\u001b[7mdiv class=\"watch-wrapper\">\u001b[27m\u001b[39m\n    \u001b[31m+       <div class=\"watch\">\u001b[39m\n    \u001b[31m+         <div class=\"unit\"></div>\u001b[39m\n    \u001b[31m+         <div class=\"sep\">\u001b[39m\n    \u001b[31m+           :\u001b[39m\n    \u001b[31m+         </div>\u001b[39m\n    \u001b[31m+         <div class=\"unit\"></div>\u001b[39m\n    \u001b[31m+         <div class=\"sep\">\u001b[39m\n    \u001b[31m+           :\u001b[39m\n    \u001b[31m+         </div>\u001b[39m\n    \u001b[31m+         <div class=\"unit\"></div>\u001b[39m\n    \u001b[31m+         <div class=\"sep\">\u001b[39m\n    \u001b[31m+           :\u001b[39m\n    \u001b[31m+         </div>\u001b[39m\n    \u001b[31m+         <div class=\"unit\"></div>\u001b[39m\n    \u001b[31m+       </div>\u001b[39m\n    \u001b[31m+ \u001b[7m    </div\u001b[27m>\u001b[39m\n    \u001b[2m    </template>\u001b[22m\n    \u001b[2m  </stop-watch>\u001b[22m\n\u001b[2m\u001b[22m\n\u001b[2m    \u001b[0m \u001b[90m  8 |\u001b[39m       html\u001b[33m:\u001b[39m \u001b[32m`<stop-watch></stop-watch>`\u001b[39m\u001b[33m,\u001b[39m\u001b[22m\n\u001b[2m     \u001b[90m  9 |\u001b[39m     })\u001b[33m;\u001b[39m\u001b[22m\n\u001b[2m    \u001b[31m\u001b[1m>\u001b[22m\u001b[2m\u001b[39m\u001b[90m 10 |\u001b[39m     expect(page\u001b[33m.\u001b[39mroot)\u001b[33m.\u001b[39mtoEqualHtml(\u001b[32m`\u001b[39m\u001b[22m\n\u001b[2m     \u001b[90m    |\u001b[39m                       \u001b[31m\u001b[1m^\u001b[22m\u001b[2m\u001b[39m\u001b[22m\n\u001b[2m     \u001b[90m 11 |\u001b[39m \u001b[32m      <stop-watch>\u001b[39m\u001b[22m\n\u001b[2m     \u001b[90m 12 |\u001b[39m \u001b[32m        <mock:shadow-root>\u001b[39m\u001b[22m\n\u001b[2m     \u001b[90m 13 |\u001b[39m \u001b[32m          <slot></slot>\u001b[39m\u001b[0m\u001b[22m\n\u001b[2m\u001b[22m\n\u001b[2m      \u001b[2mat compareHtml3 (\u001b[22m\u001b[2mnode_modules/@stencil/core/testing/index.js\u001b[2m:5558:24)\u001b[22m\u001b[2m\u001b[22m\n\u001b[2m      \u001b[2mat Object.toEqualHtml3 (\u001b[22m\u001b[2mnode_modules/@stencil/core/testing/index.js\u001b[2m:5514:10)\u001b[22m\u001b[2m\u001b[22m\n\u001b[2m      \u001b[2mat __EXTERNAL_MATCHER_TRAP__ (\u001b[22m\u001b[2mnode_modules/expect/build/index.js\u001b[2m:325:30)\u001b[22m\u001b[2m\u001b[22m\n\u001b[2m      \u001b[2mat Object.throwingMatcher [as toEqualHtml] (\u001b[22m\u001b[2mnode_modules/expect/build/index.js\u001b[2m:326:15)\u001b[22m\u001b[2m\u001b[22m\n\u001b[2m      \u001b[2mat Object.<anonymous> (\u001b[22m\u001b[2m\u001b[0m\u001b[36msrc/components/stop-watch/test/stop-watch.spec.tsx\u001b[39m\u001b[0m\u001b[2m:10:23)\u001b[22m\u001b[2m\u001b[22m\n"},{"leaks":false,"numFailingTests":1,"numPassingTests":0,"numPendingTests":0,"numTodoTests":0,"openHandles":[],"perfStats":{"end":1730630425699,"runtime":2765,"slow":false,"start":1730630422934},"skipped":false,"snapshot":{"added":0,"fileDeleted":false,"matched":0,"unchecked":0,"uncheckedKeys":[],"unmatched":0,"updated":0},"testFilePath":"D:\\Sanjeet\\StencilJS\\stenciljs-components\\src\\components\\nice-alert\\test\\nice-alert.spec.tsx","testResults":[{"ancestorTitles":["nice-alert"],"duration":31,"failureDetails":[{"matcherResult":{"actual":"<nice-alert>\n  <template shadowrootmode=\"open\">\n    <div>\n      <div class=\"message\"></div>\n      <div class=\"actions\">\n        <button>\n          Yes\n        </button>\n        <button>\n          No\n        </button>\n      </div>\n    </div>\n  </template>\n</nice-alert>","expected":"<nice-alert>\n  <template shadowrootmode=\"open\">\n    <slot></slot>\n  </template>\n</nice-alert>","message":"\u001b[2mexpect(\u001b[22m\u001b[31mreceived\u001b[39m\u001b[2m).\u001b[22mtoBe\u001b[2m(\u001b[22m\u001b[32mexpected\u001b[39m\u001b[2m) // Object.is equality\u001b[22m\n\n\u001b[32m- Expected  -  1\u001b[39m\n\u001b[31m+ Received  + 11\u001b[39m\n\n\u001b[2m  <nice-alert>\u001b[22m\n\u001b[2m    <template shadowrootmode=\"open\">\u001b[22m\n\u001b[32m-     <\u001b[7mslot></slot\u001b[27m>\u001b[39m\n\u001b[31m+     <\u001b[7mdiv>\u001b[27m\u001b[39m\n\u001b[31m+       <div class=\"message\"></div>\u001b[39m\n\u001b[31m+       <div class=\"actions\">\u001b[39m\n\u001b[31m+         <button>\u001b[39m\n\u001b[31m+           Yes\u001b[39m\n\u001b[31m+         </button>\u001b[39m\n\u001b[31m+         <button>\u001b[39m\n\u001b[31m+           No\u001b[39m\n\u001b[31m+         </button>\u001b[39m\n\u001b[31m+       </div>\u001b[39m\n\u001b[31m+ \u001b[7m    </div\u001b[27m>\u001b[39m\n\u001b[2m    </template>\u001b[22m\n\u001b[2m  </nice-alert>\u001b[22m","name":"toBe","pass":false}}],"failureMessages":["Error: \u001b[2mexpect(\u001b[22m\u001b[31mreceived\u001b[39m\u001b[2m).\u001b[22mtoBe\u001b[2m(\u001b[22m\u001b[32mexpected\u001b[39m\u001b[2m) // Object.is equality\u001b[22m\n\n\u001b[32m- Expected  -  1\u001b[39m\n\u001b[31m+ Received  + 11\u001b[39m\n\n\u001b[2m  <nice-alert>\u001b[22m\n\u001b[2m    <template shadowrootmode=\"open\">\u001b[22m\n\u001b[32m-     <\u001b[7mslot></slot\u001b[27m>\u001b[39m\n\u001b[31m+     <\u001b[7mdiv>\u001b[27m\u001b[39m\n\u001b[31m+       <div class=\"message\"></div>\u001b[39m\n\u001b[31m+       <div class=\"actions\">\u001b[39m\n\u001b[31m+         <button>\u001b[39m\n\u001b[31m+           Yes\u001b[39m\n\u001b[31m+         </button>\u001b[39m\n\u001b[31m+         <button>\u001b[39m\n\u001b[31m+           No\u001b[39m\n\u001b[31m+         </button>\u001b[39m\n\u001b[31m+       </div>\u001b[39m\n\u001b[31m+ \u001b[7m    </div\u001b[27m>\u001b[39m\n\u001b[2m    </template>\u001b[22m\n\u001b[2m  </nice-alert>\u001b[22m\n    at compareHtml3 (D:\\Sanjeet\\StencilJS\\stenciljs-components\\node_modules\\@stencil\\core\\testing\\index.js:5558:24)\n    at Object.toEqualHtml3 (D:\\Sanjeet\\StencilJS\\stenciljs-components\\node_modules\\@stencil\\core\\testing\\index.js:5514:10)\n    at __EXTERNAL_MATCHER_TRAP__ (D:\\Sanjeet\\StencilJS\\stenciljs-components\\node_modules\\expect\\build\\index.js:325:30)\n    at Object.throwingMatcher [as toEqualHtml] (D:\\Sanjeet\\StencilJS\\stenciljs-components\\node_modules\\expect\\build\\index.js:326:15)\n    at Object.<anonymous> (D:\\Sanjeet\\StencilJS\\stenciljs-components\\src\\components\\nice-alert\\test\\nice-alert.spec.tsx:10:23)\n    at processTicksAndRejections (node:internal/process/task_queues:95:5)"],"fullName":"nice-alert renders","invocations":1,"location":null,"numPassingAsserts":0,"retryReasons":[],"status":"failed","title":"renders"}],"failureMessage":"\u001b[1m\u001b[31m  \u001b[1m● \u001b[22m\u001b[1mnice-alert › renders\u001b[39m\u001b[22m\n\n    \u001b[2mexpect(\u001b[22m\u001b[31mreceived\u001b[39m\u001b[2m).\u001b[22mtoBe\u001b[2m(\u001b[22m\u001b[32mexpected\u001b[39m\u001b[2m) // Object.is equality\u001b[22m\n\n    \u001b[32m- Expected  -  1\u001b[39m\n    \u001b[31m+ Received  + 11\u001b[39m\n\n    \u001b[2m  <nice-alert>\u001b[22m\n    \u001b[2m    <template shadowrootmode=\"open\">\u001b[22m\n    \u001b[32m-     <\u001b[7mslot></slot\u001b[27m>\u001b[39m\n    \u001b[31m+     <\u001b[7mdiv>\u001b[27m\u001b[39m\n    \u001b[31m+       <div class=\"message\"></div>\u001b[39m\n    \u001b[31m+       <div class=\"actions\">\u001b[39m\n    \u001b[31m+         <button>\u001b[39m\n    \u001b[31m+           Yes\u001b[39m\n    \u001b[31m+         </button>\u001b[39m\n    \u001b[31m+         <button>\u001b[39m\n    \u001b[31m+           No\u001b[39m\n    \u001b[31m+         </button>\u001b[39m\n    \u001b[31m+       </div>\u001b[39m\n    \u001b[31m+ \u001b[7m    </div\u001b[27m>\u001b[39m\n    \u001b[2m    </template>\u001b[22m\n    \u001b[2m  </nice-alert>\u001b[22m\n\u001b[2m\u001b[22m\n\u001b[2m    \u001b[0m \u001b[90m  8 |\u001b[39m       html\u001b[33m:\u001b[39m \u001b[32m`<nice-alert></nice-alert>`\u001b[39m\u001b[33m,\u001b[39m\u001b[22m\n\u001b[2m     \u001b[90m  9 |\u001b[39m     })\u001b[33m;\u001b[39m\u001b[22m\n\u001b[2m    \u001b[31m\u001b[1m>\u001b[22m\u001b[2m\u001b[39m\u001b[90m 10 |\u001b[39m     expect(page\u001b[33m.\u001b[39mroot)\u001b[33m.\u001b[39mtoEqualHtml(\u001b[32m`\u001b[39m\u001b[22m\n\u001b[2m     \u001b[90m    |\u001b[39m                       \u001b[31m\u001b[1m^\u001b[22m\u001b[2m\u001b[39m\u001b[22m\n\u001b[2m     \u001b[90m 11 |\u001b[39m \u001b[32m      <nice-alert>\u001b[39m\u001b[22m\n\u001b[2m     \u001b[90m 12 |\u001b[39m \u001b[32m        <mock:shadow-root>\u001b[39m\u001b[22m\n\u001b[2m     \u001b[90m 13 |\u001b[39m \u001b[32m          <slot></slot>\u001b[39m\u001b[0m\u001b[22m\n\u001b[2m\u001b[22m\n\u001b[2m      \u001b[2mat compareHtml3 (\u001b[22m\u001b[2mnode_modules/@stencil/core/testing/index.js\u001b[2m:5558:24)\u001b[22m\u001b[2m\u001b[22m\n\u001b[2m      \u001b[2mat Object.toEqualHtml3 (\u001b[22m\u001b[2mnode_modules/@stencil/core/testing/index.js\u001b[2m:5514:10)\u001b[22m\u001b[2m\u001b[22m\n\u001b[2m      \u001b[2mat __EXTERNAL_MATCHER_TRAP__ (\u001b[22m\u001b[2mnode_modules/expect/build/index.js\u001b[2m:325:30)\u001b[22m\u001b[2m\u001b[22m\n\u001b[2m      \u001b[2mat Object.throwingMatcher [as toEqualHtml] (\u001b[22m\u001b[2mnode_modules/expect/build/index.js\u001b[2m:326:15)\u001b[22m\u001b[2m\u001b[22m\n\u001b[2m      \u001b[2mat Object.<anonymous> (\u001b[22m\u001b[2m\u001b[0m\u001b[36msrc/components/nice-alert/test/nice-alert.spec.tsx\u001b[39m\u001b[0m\u001b[2m:10:23)\u001b[22m\u001b[2m\u001b[22m\n"},{"leaks":false,"numFailingTests":1,"numPassingTests":0,"numPendingTests":0,"numTodoTests":0,"openHandles":[],"perfStats":{"end":1730630426639,"runtime":3744,"slow":false,"start":1730630422895},"skipped":false,"snapshot":{"added":0,"fileDeleted":false,"matched":0,"unchecked":0,"uncheckedKeys":[],"unmatched":0,"updated":0},"testFilePath":"D:\\Sanjeet\\StencilJS\\stenciljs-components\\src\\components\\my-card\\test\\my-card.spec.tsx","testResults":[{"ancestorTitles":["my-card"],"duration":836,"failureDetails":[{"matcherResult":{"actual":"<my-card>\n  <template shadowrootmode=\"open\">\n    <div class=\"my-card-wrapper\">\n      <h1>\n        My Card\n      </h1>\n      <h1>\n        Hi, I am\n      </h1>\n      <h5>\n        loading...\n      </h5>\n      <button class=\"btn-stencil\">\n        Stencil\n      </button>\n      <button class=\"btn-react\">\n        React\n      </button>\n      <h></h>\n      <h3>\n        Two way data binding in stencil\n      </h3>\n      <input class=\"my-input-textbox\" type=\"text\">\n      this is child one\n    </div>\n  </template>\n</my-card>","expected":"<my-card>\n  <template shadowrootmode=\"open\">\n    <slot></slot>\n  </template>\n</my-card>","message":"\u001b[2mexpect(\u001b[22m\u001b[31mreceived\u001b[39m\u001b[2m).\u001b[22mtoBe\u001b[2m(\u001b[22m\u001b[32mexpected\u001b[39m\u001b[2m) // Object.is equality\u001b[22m\n\n\u001b[32m- Expected  -  1\u001b[39m\n\u001b[31m+ Received  + 23\u001b[39m\n\n\u001b[2m  <my-card>\u001b[22m\n\u001b[2m    <template shadowrootmode=\"open\">\u001b[22m\n\u001b[32m-     <\u001b[7mslot></slot\u001b[27m>\u001b[39m\n\u001b[31m+     <\u001b[7mdiv class=\"my-card-wrapper\">\u001b[27m\u001b[39m\n\u001b[31m+       <h1>\u001b[39m\n\u001b[31m+         My Card\u001b[39m\n\u001b[31m+       </h1>\u001b[39m\n\u001b[31m+       <h1>\u001b[39m\n\u001b[31m+         Hi, I am\u001b[39m\n\u001b[31m+       </h1>\u001b[39m\n\u001b[31m+       <h5>\u001b[39m\n\u001b[31m+         loading...\u001b[39m\n\u001b[31m+       </h5>\u001b[39m\n\u001b[31m+       <button class=\"btn-stencil\">\u001b[39m\n\u001b[31m+         Stencil\u001b[39m\n\u001b[31m+       </button>\u001b[39m\n\u001b[31m+       <button class=\"btn-react\">\u001b[39m\n\u001b[31m+         React\u001b[39m\n\u001b[31m+       </button>\u001b[39m\n\u001b[31m+       <h></h>\u001b[39m\n\u001b[31m+       <h3>\u001b[39m\n\u001b[31m+         Two way data binding in stencil\u001b[39m\n\u001b[31m+       </h3>\u001b[39m\n\u001b[31m+       <input class=\"my-input-textbox\" type=\"text\">\u001b[39m\n\u001b[31m+       this is child one\u001b[39m\n\u001b[31m+ \u001b[7m    </div\u001b[27m>\u001b[39m\n\u001b[2m    </template>\u001b[22m\n\u001b[2m  </my-card>\u001b[22m","name":"toBe","pass":false}}],"failureMessages":["Error: \u001b[2mexpect(\u001b[22m\u001b[31mreceived\u001b[39m\u001b[2m).\u001b[22mtoBe\u001b[2m(\u001b[22m\u001b[32mexpected\u001b[39m\u001b[2m) // Object.is equality\u001b[22m\n\n\u001b[32m- Expected  -  1\u001b[39m\n\u001b[31m+ Received  + 23\u001b[39m\n\n\u001b[2m  <my-card>\u001b[22m\n\u001b[2m    <template shadowrootmode=\"open\">\u001b[22m\n\u001b[32m-     <\u001b[7mslot></slot\u001b[27m>\u001b[39m\n\u001b[31m+     <\u001b[7mdiv class=\"my-card-wrapper\">\u001b[27m\u001b[39m\n\u001b[31m+       <h1>\u001b[39m\n\u001b[31m+         My Card\u001b[39m\n\u001b[31m+       </h1>\u001b[39m\n\u001b[31m+       <h1>\u001b[39m\n\u001b[31m+         Hi, I am\u001b[39m\n\u001b[31m+       </h1>\u001b[39m\n\u001b[31m+       <h5>\u001b[39m\n\u001b[31m+         loading...\u001b[39m\n\u001b[31m+       </h5>\u001b[39m\n\u001b[31m+       <button class=\"btn-stencil\">\u001b[39m\n\u001b[31m+         Stencil\u001b[39m\n\u001b[31m+       </button>\u001b[39m\n\u001b[31m+       <button class=\"btn-react\">\u001b[39m\n\u001b[31m+         React\u001b[39m\n\u001b[31m+       </button>\u001b[39m\n\u001b[31m+       <h></h>\u001b[39m\n\u001b[31m+       <h3>\u001b[39m\n\u001b[31m+         Two way data binding in stencil\u001b[39m\n\u001b[31m+       </h3>\u001b[39m\n\u001b[31m+       <input class=\"my-input-textbox\" type=\"text\">\u001b[39m\n\u001b[31m+       this is child one\u001b[39m\n\u001b[31m+ \u001b[7m    </div\u001b[27m>\u001b[39m\n\u001b[2m    </template>\u001b[22m\n\u001b[2m  </my-card>\u001b[22m\n    at compareHtml3 (D:\\Sanjeet\\StencilJS\\stenciljs-components\\node_modules\\@stencil\\core\\testing\\index.js:5558:24)\n    at Object.toEqualHtml3 (D:\\Sanjeet\\StencilJS\\stenciljs-components\\node_modules\\@stencil\\core\\testing\\index.js:5514:10)\n    at __EXTERNAL_MATCHER_TRAP__ (D:\\Sanjeet\\StencilJS\\stenciljs-components\\node_modules\\expect\\build\\index.js:325:30)\n    at Object.throwingMatcher [as toEqualHtml] (D:\\Sanjeet\\StencilJS\\stenciljs-components\\node_modules\\expect\\build\\index.js:326:15)\n    at Object.<anonymous> (D:\\Sanjeet\\StencilJS\\stenciljs-components\\src\\components\\my-card\\test\\my-card.spec.tsx:10:23)\n    at processTicksAndRejections (node:internal/process/task_queues:95:5)"],"fullName":"my-card renders","invocations":1,"location":null,"numPassingAsserts":0,"retryReasons":[],"status":"failed","title":"renders"}],"failureMessage":"\u001b[1m\u001b[31m  \u001b[1m● \u001b[22m\u001b[1mmy-card › renders\u001b[39m\u001b[22m\n\n    \u001b[2mexpect(\u001b[22m\u001b[31mreceived\u001b[39m\u001b[2m).\u001b[22mtoBe\u001b[2m(\u001b[22m\u001b[32mexpected\u001b[39m\u001b[2m) // Object.is equality\u001b[22m\n\n    \u001b[32m- Expected  -  1\u001b[39m\n    \u001b[31m+ Received  + 23\u001b[39m\n\n    \u001b[2m  <my-card>\u001b[22m\n    \u001b[2m    <template shadowrootmode=\"open\">\u001b[22m\n    \u001b[32m-     <\u001b[7mslot></slot\u001b[27m>\u001b[39m\n    \u001b[31m+     <\u001b[7mdiv class=\"my-card-wrapper\">\u001b[27m\u001b[39m\n    \u001b[31m+       <h1>\u001b[39m\n    \u001b[31m+         My Card\u001b[39m\n    \u001b[31m+       </h1>\u001b[39m\n    \u001b[31m+       <h1>\u001b[39m\n    \u001b[31m+         Hi, I am\u001b[39m\n    \u001b[31m+       </h1>\u001b[39m\n    \u001b[31m+       <h5>\u001b[39m\n    \u001b[31m+         loading...\u001b[39m\n    \u001b[31m+       </h5>\u001b[39m\n    \u001b[31m+       <button class=\"btn-stencil\">\u001b[39m\n    \u001b[31m+         Stencil\u001b[39m\n    \u001b[31m+       </button>\u001b[39m\n    \u001b[31m+       <button class=\"btn-react\">\u001b[39m\n    \u001b[31m+         React\u001b[39m\n    \u001b[31m+       </button>\u001b[39m\n    \u001b[31m+       <h></h>\u001b[39m\n    \u001b[31m+       <h3>\u001b[39m\n    \u001b[31m+         Two way data binding in stencil\u001b[39m\n    \u001b[31m+       </h3>\u001b[39m\n    \u001b[31m+       <input class=\"my-input-textbox\" type=\"text\">\u001b[39m\n    \u001b[31m+       this is child one\u001b[39m\n    \u001b[31m+ \u001b[7m    </div\u001b[27m>\u001b[39m\n    \u001b[2m    </template>\u001b[22m\n    \u001b[2m  </my-card>\u001b[22m\n\u001b[2m\u001b[22m\n\u001b[2m    \u001b[0m \u001b[90m  8 |\u001b[39m       html\u001b[33m:\u001b[39m \u001b[32m`<my-card></my-card>`\u001b[39m\u001b[33m,\u001b[39m\u001b[22m\n\u001b[2m     \u001b[90m  9 |\u001b[39m     })\u001b[33m;\u001b[39m\u001b[22m\n\u001b[2m    \u001b[31m\u001b[1m>\u001b[22m\u001b[2m\u001b[39m\u001b[90m 10 |\u001b[39m     expect(page\u001b[33m.\u001b[39mroot)\u001b[33m.\u001b[39mtoEqualHtml(\u001b[32m`\u001b[39m\u001b[22m\n\u001b[2m     \u001b[90m    |\u001b[39m                       \u001b[31m\u001b[1m^\u001b[22m\u001b[2m\u001b[39m\u001b[22m\n\u001b[2m     \u001b[90m 11 |\u001b[39m \u001b[32m      <my-card>\u001b[39m\u001b[22m\n\u001b[2m     \u001b[90m 12 |\u001b[39m \u001b[32m        <mock:shadow-root>\u001b[39m\u001b[22m\n\u001b[2m     \u001b[90m 13 |\u001b[39m \u001b[32m          <slot></slot>\u001b[39m\u001b[0m\u001b[22m\n\u001b[2m\u001b[22m\n\u001b[2m      \u001b[2mat compareHtml3 (\u001b[22m\u001b[2mnode_modules/@stencil/core/testing/index.js\u001b[2m:5558:24)\u001b[22m\u001b[2m\u001b[22m\n\u001b[2m      \u001b[2mat Object.toEqualHtml3 (\u001b[22m\u001b[2mnode_modules/@stencil/core/testing/index.js\u001b[2m:5514:10)\u001b[22m\u001b[2m\u001b[22m\n\u001b[2m      \u001b[2mat __EXTERNAL_MATCHER_TRAP__ (\u001b[22m\u001b[2mnode_modules/expect/build/index.js\u001b[2m:325:30)\u001b[22m\u001b[2m\u001b[22m\n\u001b[2m      \u001b[2mat Object.throwingMatcher [as toEqualHtml] (\u001b[22m\u001b[2mnode_modules/expect/build/index.js\u001b[2m:326:15)\u001b[22m\u001b[2m\u001b[22m\n\u001b[2m      \u001b[2mat Object.<anonymous> (\u001b[22m\u001b[2m\u001b[0m\u001b[36msrc/components/my-card/test/my-card.spec.tsx\u001b[39m\u001b[0m\u001b[2m:10:23)\u001b[22m\u001b[2m\u001b[22m\n"},{"leaks":false,"numFailingTests":1,"numPassingTests":0,"numPendingTests":0,"numTodoTests":0,"openHandles":[],"perfStats":{"end":1730630428563,"runtime":4442,"slow":false,"start":1730630424121},"skipped":false,"snapshot":{"added":0,"fileDeleted":false,"matched":0,"unchecked":0,"uncheckedKeys":[],"unmatched":0,"updated":0},"testFilePath":"D:\\Sanjeet\\StencilJS\\stenciljs-components\\src\\components\\custom-text-input\\test\\custom-text-input.spec.tsx","testResults":[{"ancestorTitles":["custom-text-input"],"duration":133,"failureDetails":[{}],"failureMessages":["TypeError: this.internals.setFormValue is not a function\n    at CustomTextInput.setFormValue [as __componentWillLoad] (D:\\Sanjeet\\StencilJS\\stenciljs-components\\src\\components\\custom-text-input\\custom-text-input.tsx:32:20)\n    at CustomTextInput.Cstr.componentWillLoad (D:\\Sanjeet\\StencilJS\\stenciljs-components\\node_modules\\@stencil\\core\\testing\\index.js:10885:28)\n    at safeCall (D:\\Sanjeet\\StencilJS\\stenciljs-components\\node_modules\\@stencil\\core\\internal\\testing\\index.js:2046:30)\n    at dispatchHooks (D:\\Sanjeet\\StencilJS\\stenciljs-components\\node_modules\\@stencil\\core\\internal\\testing\\index.js:1842:22)\n    at dispatch (D:\\Sanjeet\\StencilJS\\stenciljs-components\\node_modules\\@stencil\\core\\internal\\testing\\index.js:1819:26)\n    at drain (D:\\Sanjeet\\StencilJS\\stenciljs-components\\node_modules\\@stencil\\core\\internal\\testing\\index.js:228:28)\n    at processTicksAndRejections (node:internal/process/task_queues:77:11)"],"fullName":"custom-text-input renders","invocations":1,"location":null,"numPassingAsserts":0,"retryReasons":[],"status":"failed","title":"renders"}],"console":[{"message":"NOTE: Property setFormValue was accessed on ElementInternals, but this property is not implemented.\nTesting components with ElementInternals is fully supported in e2e tests.","origin":"    at Object.get (D:\\Sanjeet\\StencilJS\\stenciljs-components\\node_modules\\@stencil\\core\\mock-doc\\index.cjs:6874:17)\n    at CustomTextInput.setFormValue [as __componentWillLoad] (D:\\Sanjeet\\StencilJS\\stenciljs-components\\src\\components\\custom-text-input\\custom-text-input.tsx:32:20)\n    at CustomTextInput.Cstr.componentWillLoad (D:\\Sanjeet\\StencilJS\\stenciljs-components\\node_modules\\@stencil\\core\\testing\\index.js:10885:28)\n    at safeCall (D:\\Sanjeet\\StencilJS\\stenciljs-components\\node_modules\\@stencil\\core\\internal\\testing\\index.js:2046:30)\n    at dispatchHooks (D:\\Sanjeet\\StencilJS\\stenciljs-components\\node_modules\\@stencil\\core\\internal\\testing\\index.js:1842:22)\n    at dispatch (D:\\Sanjeet\\StencilJS\\stenciljs-components\\node_modules\\@stencil\\core\\internal\\testing\\index.js:1819:26)\n    at drain (D:\\Sanjeet\\StencilJS\\stenciljs-components\\node_modules\\@stencil\\core\\internal\\testing\\index.js:228:28)\n    at processTicksAndRejections (node:internal/process/task_queues:77:11)","type":"error"}],"failureMessage":"\u001b[1m\u001b[31m  \u001b[1m● \u001b[22m\u001b[1mcustom-text-input › renders\u001b[39m\u001b[22m\n\n    TypeError: this.internals.setFormValue is not a function\n\u001b[2m\u001b[22m\n\u001b[2m    \u001b[0m \u001b[90m 30 |\u001b[39m\u001b[22m\n\u001b[2m     \u001b[90m 31 |\u001b[39m   componentWillLoad() {\u001b[22m\n\u001b[2m    \u001b[31m\u001b[1m>\u001b[22m\u001b[2m\u001b[39m\u001b[90m 32 |\u001b[39m     \u001b[36mthis\u001b[39m\u001b[33m.\u001b[39minternals\u001b[33m.\u001b[39msetFormValue(\u001b[32m'a default value'\u001b[39m)\u001b[33m;\u001b[39m\u001b[22m\n\u001b[2m     \u001b[90m    |\u001b[39m                    \u001b[31m\u001b[1m^\u001b[22m\u001b[2m\u001b[39m\u001b[22m\n\u001b[2m     \u001b[90m 33 |\u001b[39m   }\u001b[22m\n\u001b[2m     \u001b[90m 34 |\u001b[39m\u001b[22m\n\u001b[2m     \u001b[90m 35 |\u001b[39m   render() {\u001b[0m\u001b[22m\n\u001b[2m\u001b[22m\n\u001b[2m      \u001b[2mat CustomTextInput.setFormValue [as __componentWillLoad] (\u001b[22m\u001b[2msrc/components/custom-text-input/custom-text-input.tsx\u001b[2m:32:20)\u001b[22m\u001b[2m\u001b[22m\n\u001b[2m      \u001b[2mat CustomTextInput.Cstr.componentWillLoad (\u001b[22m\u001b[2mnode_modules/@stencil/core/testing/index.js\u001b[2m:10885:28)\u001b[22m\u001b[2m\u001b[22m\n\u001b[2m      \u001b[2mat safeCall (\u001b[22m\u001b[2mnode_modules/@stencil/core/internal/testing/index.js\u001b[2m:2046:30)\u001b[22m\u001b[2m\u001b[22m\n\u001b[2m      \u001b[2mat dispatchHooks (\u001b[22m\u001b[2mnode_modules/@stencil/core/internal/testing/index.js\u001b[2m:1842:22)\u001b[22m\u001b[2m\u001b[22m\n\u001b[2m      \u001b[2mat dispatch (\u001b[22m\u001b[2mnode_modules/@stencil/core/internal/testing/index.js\u001b[2m:1819:26)\u001b[22m\u001b[2m\u001b[22m\n\u001b[2m      \u001b[2mat drain (\u001b[22m\u001b[2mnode_modules/@stencil/core/internal/testing/index.js\u001b[2m:228:28)\u001b[22m\u001b[2m\u001b[22m\n"},{"leaks":false,"numFailingTests":1,"numPassingTests":0,"numPendingTests":0,"numTodoTests":0,"openHandles":[],"perfStats":{"end":1730630431162,"runtime":5623,"slow":true,"start":1730630425539},"skipped":false,"snapshot":{"added":0,"fileDeleted":false,"matched":0,"unchecked":0,"uncheckedKeys":[],"unmatched":0,"updated":0},"testFilePath":"D:\\Sanjeet\\StencilJS\\stenciljs-components\\src\\components\\slider-component\\test\\slider-component.spec.tsx","testResults":[{"ancestorTitles":["slider-component"],"duration":35,"failureDetails":[{"matcherResult":{"actual":"<slider-component>\n  <template shadowrootmode=\"open\">\n    <input max=\"10\" min=\"0\" name=\"points\" type=\"range\">\n  </template>\n</slider-component>","expected":"<slider-component>\n  <template shadowrootmode=\"open\">\n    <slot></slot>\n  </template>\n</slider-component>","message":"\u001b[2mexpect(\u001b[22m\u001b[31mreceived\u001b[39m\u001b[2m).\u001b[22mtoBe\u001b[2m(\u001b[22m\u001b[32mexpected\u001b[39m\u001b[2m) // Object.is equality\u001b[22m\n\n\u001b[32m- Expected  - 1\u001b[39m\n\u001b[31m+ Received  + 1\u001b[39m\n\n\u001b[2m  <slider-component>\u001b[22m\n\u001b[2m    <template shadowrootmode=\"open\">\u001b[22m\n\u001b[32m-     <\u001b[7mslot></slot\u001b[27m>\u001b[39m\n\u001b[31m+     <\u001b[7minput max=\"10\" min=\"0\" name=\"points\" type=\"range\"\u001b[27m>\u001b[39m\n\u001b[2m    </template>\u001b[22m\n\u001b[2m  </slider-component>\u001b[22m","name":"toBe","pass":false}}],"failureMessages":["Error: \u001b[2mexpect(\u001b[22m\u001b[31mreceived\u001b[39m\u001b[2m).\u001b[22mtoBe\u001b[2m(\u001b[22m\u001b[32mexpected\u001b[39m\u001b[2m) // Object.is equality\u001b[22m\n\n\u001b[32m- Expected  - 1\u001b[39m\n\u001b[31m+ Received  + 1\u001b[39m\n\n\u001b[2m  <slider-component>\u001b[22m\n\u001b[2m    <template shadowrootmode=\"open\">\u001b[22m\n\u001b[32m-     <\u001b[7mslot></slot\u001b[27m>\u001b[39m\n\u001b[31m+     <\u001b[7minput max=\"10\" min=\"0\" name=\"points\" type=\"range\"\u001b[27m>\u001b[39m\n\u001b[2m    </template>\u001b[22m\n\u001b[2m  </slider-component>\u001b[22m\n    at compareHtml3 (D:\\Sanjeet\\StencilJS\\stenciljs-components\\node_modules\\@stencil\\core\\testing\\index.js:5558:24)\n    at Object.toEqualHtml3 (D:\\Sanjeet\\StencilJS\\stenciljs-components\\node_modules\\@stencil\\core\\testing\\index.js:5514:10)\n    at __EXTERNAL_MATCHER_TRAP__ (D:\\Sanjeet\\StencilJS\\stenciljs-components\\node_modules\\expect\\build\\index.js:325:30)\n    at Object.throwingMatcher [as toEqualHtml] (D:\\Sanjeet\\StencilJS\\stenciljs-components\\node_modules\\expect\\build\\index.js:326:15)\n    at Object.<anonymous> (D:\\Sanjeet\\StencilJS\\stenciljs-components\\src\\components\\slider-component\\test\\slider-component.spec.tsx:10:23)\n    at processTicksAndRejections (node:internal/process/task_queues:95:5)"],"fullName":"slider-component renders","invocations":1,"location":null,"numPassingAsserts":0,"retryReasons":[],"status":"failed","title":"renders"}],"failureMessage":"\u001b[1m\u001b[31m  \u001b[1m● \u001b[22m\u001b[1mslider-component › renders\u001b[39m\u001b[22m\n\n    \u001b[2mexpect(\u001b[22m\u001b[31mreceived\u001b[39m\u001b[2m).\u001b[22mtoBe\u001b[2m(\u001b[22m\u001b[32mexpected\u001b[39m\u001b[2m) // Object.is equality\u001b[22m\n\n    \u001b[32m- Expected  - 1\u001b[39m\n    \u001b[31m+ Received  + 1\u001b[39m\n\n    \u001b[2m  <slider-component>\u001b[22m\n    \u001b[2m    <template shadowrootmode=\"open\">\u001b[22m\n    \u001b[32m-     <\u001b[7mslot></slot\u001b[27m>\u001b[39m\n    \u001b[31m+     <\u001b[7minput max=\"10\" min=\"0\" name=\"points\" type=\"range\"\u001b[27m>\u001b[39m\n    \u001b[2m    </template>\u001b[22m\n    \u001b[2m  </slider-component>\u001b[22m\n\u001b[2m\u001b[22m\n\u001b[2m    \u001b[0m \u001b[90m  8 |\u001b[39m       html\u001b[33m:\u001b[39m \u001b[32m`<slider-component></slider-component
[...]
,"end":{"line":37,"column":52}},"10":{"start":{"line":39,"column":6},"end":{"line":39,"column":63}},"11":{"start":{"line":42,"column":4},"end":{"line":42,"column":47}},"12":{"start":{"line":47,"column":4},"end":{"line":47,"column":27}},"13":{"start":{"line":49,"column":37},"end":{"line":52,"column":6}},"14":{"start":{"line":54,"column":4},"end":{"line":59,"column":5}},"15":{"start":{"line":55,"column":6},"end":{"line":55,"column":37}},"16":{"start":{"line":58,"column":6},"end":{"line":58,"column":60}},"17":{"start":{"line":63,"column":4},"end":{"line":75,"column":6}},"18":{"start":{"line":68,"column":31},"end":{"line":68,"column":51}},"19":{"start":{"line":70,"column":45},"end":{"line":70,"column":75}},"20":{"start":{"line":5,"column":0},"end":{"line":5,"column":null}}},"fnMap":{"0":{"name":"(anonymous_1)","decl":{"start":{"line":20,"column":2},"end":{"line":20,"column":7}},"loc":{"start":{"line":20,"column":25},"end":{"line":24,"column":6}}},"1":{"name":"(anonymous_2)","decl":{"start":{"line":26,"column":0},"end":{"line":26,"column":5}},"loc":{"start":{"line":26,"column":22},"end":{"line":44,"column":3}}},"2":{"name":"(anonymous_3)","decl":{"start":{"line":46,"column":2},"end":{"line":46,"column":7}},"loc":{"start":{"line":46,"column":33},"end":{"line":60,"column":3}}},"3":{"name":"(anonymous_4)","decl":{"start":{"line":62,"column":2},"end":{"line":62,"column":8}},"loc":{"start":{"line":62,"column":8},"end":{"line":76,"column":3}}},"4":{"name":"(anonymous_5)","decl":{"start":{"line":68,"column":24},"end":{"line":68,"column":25}},"loc":{"start":{"line":68,"column":31},"end":{"line":68,"column":51}}},"5":{"name":"(anonymous_6)","decl":{"start":{"line":70,"column":36},"end":{"line":70,"column":37}},"loc":{"start":{"line":70,"column":45},"end":{"line":70,"column":75}}}},"branchMap":{"0":{"loc":{"start":{"line":29,"column":4},"end":{"line":43,"column":3}},"type":"if","locations":[{"start":{"line":29,"column":4},"end":{"line":43,"column":3}},{"start":{"line":41,"column":9},"end":{"line":43,"column":3}}]},"1":{"loc":{"start":{"line":35,"column":2},"end":{"line":40,"column":5}},"type":"if","locations":[{"start":{"line":35,"column":2},"end":{"line":40,"column":5}},{"start":{"line":38,"column":10},"end":{"line":40,"column":5}}]},"2":{"loc":{"start":{"line":54,"column":4},"end":{"line":59,"column":5}},"type":"if","locations":[{"start":{"line":54,"column":4},"end":{"line":59,"column":5}},{"start":{"line":56,"column":11},"end":{"line":59,"column":5}}]},"3":{"loc":{"start":{"line":71,"column":11},"end":{"line":71,"column":52}},"type":"binary-expr","locations":[{"start":{"line":71,"column":11},"end":{"line":71,"column":25}},{"start":{"line":71,"column":29},"end":{"line":71,"column":52}}]}},"s":{"0":1,"1":1,"2":1,"3":1,"4":1,"5":0,"6":0,"7":0,"8":0,"9":0,"10":0,"11":0,"12":0,"13":0,"14":0,"15":0,"16":0,"17":0,"18":0,"19":0,"20":1},"f":{"0":1,"1":0,"2":0,"3":0,"4":0,"5":0},"b":{"0":[0,0],"1":[0,0],"2":[0,0],"3":[0,0]}},"D:\\Sanjeet\\StencilJS\\stenciljs-components\\src\\components\\my-component\\my-component.tsx":{"path":"D:\\Sanjeet\\StencilJS\\stenciljs-components\\src\\components\\my-component\\my-component.tsx","statementMap":{"0":{"start":{"line":1,"column":0},"end":{"line":1,"column":51}},"1":{"start":{"line":2,"column":0},"end":{"line":2,"column":43}},"2":{"start":{"line":26,"column":4},"end":{"line":26,"column":54}},"3":{"start":{"line":30,"column":4},"end":{"line":30,"column":57}},"4":{"start":{"line":4,"column":0},"end":{"line":4,"column":null}}},"fnMap":{"0":{"name":"(anonymous_1)","decl":{"start":{"line":25,"column":10},"end":{"line":25,"column":17}},"loc":{"start":{"line":25,"column":17},"end":{"line":27,"column":3}}},"1":{"name":"(anonymous_2)","decl":{"start":{"line":29,"column":2},"end":{"line":29,"column":8}},"loc":{"start":{"line":29,"column":8},"end":{"line":31,"column":3}}}},"branchMap":{},"s":{"0":1,"1":1,"2":2,"3":2,"4":1},"f":{"0":2,"1":2},"b":{}},"D:\\Sanjeet\\StencilJS\\stenciljs-components\\src\\components\\my-rich-text-editor\\my-rich-text-editor.tsx":{"path":"D:\\Sanjeet\\StencilJS\\stenciljs-components\\src\\components\\my-rich-text-editor\\my-rich-text-editor.tsx","statementMap":{"0":{"start":{"line":1,"column":0},"end":{"line":1,"column":93}},"1":{"start":{"line":2,"column":0},"end":{"line":2,"column":38}},"2":{"start":{"line":3,"column":0},"end":{"line":3,"column":34}},"3":{"start":{"line":7,"column":1},"end":{"line":7,"column":32}},"4":{"start":{"line":10,"column":1},"end":{"line":10,"column":32}},"5":{"start":{"line":12,"column":1},"end":{"line":12,"column":42}},"6":{"start":{"line":15,"column":1},"end":{"line":15,"column":34}},"7":{"start":{"line":16,"column":1},"end":{"line":16,"column":31}},"8":{"start":{"line":17,"column":1},"end":{"line":17,"column":36}},"9":{"start":{"line":18,"column":1},"end":{"line":18,"column":46}},"10":{"start":{"line":19,"column":1},"end":{"line":19,"column":31}},"11":{"start":{"line":20,"column":1},"end":{"line":20,"column":32}},"12":{"start":{"line":21,"column":1},"end":{"line":21,"column":32}},"13":{"start":{"line":22,"column":1},"end":{"line":22,"column":36}},"14":{"start":{"line":23,"column":1},"end":{"line":23,"column":35}},"15":{"start":{"line":24,"column":1},"end":{"line":24,"column":35}},"16":{"start":{"line":25,"column":1},"end":{"line":25,"column":31}},"17":{"start":{"line":26,"column":1},"end":{"line":26,"column":32}},"18":{"start":{"line":27,"column":1},"end":{"line":27,"column":41}},"19":{"start":{"line":28,"column":1},"end":{"line":28,"column":39}},"20":{"start":{"line":29,"column":1},"end":{"line":29,"column":40}},"21":{"start":{"line":30,"column":1},"end":{"line":30,"column":32}},"22":{"start":{"line":31,"column":1},"end":{"line":31,"column":36}},"23":{"start":{"line":32,"column":1},"end":{"line":32,"column":34}},"24":{"start":{"line":33,"column":1},"end":{"line":33,"column":36}},"25":{"start":{"line":34,"column":1},"end":{"line":34,"column":33}},"26":{"start":{"line":35,"column":1},"end":{"line":35,"column":38}},"27":{"start":{"line":36,"column":1},"end":{"line":36,"column":36}},"28":{"start":{"line":37,"column":0},"end":{"line":37,"column":36}},"29":{"start":{"line":38,"column":0},"end":{"line":38,"column":33}},"30":{"start":{"line":39,"column":0},"end":{"line":39,"column":36}},"31":{"start":{"line":40,"column":0},"end":{"line":40,"column":40}},"32":{"start":{"line":41,"column":0},"end":{"line":41,"column":30}},"33":{"start":{"line":42,"column":0},"end":{"line":42,"column":48}},"34":{"start":{"line":43,"column":0},"end":{"line":43,"column":36}},"35":{"start":{"line":44,"column":0},"end":{"line":44,"column":35}},"36":{"start":{"line":45,"column":0},"end":{"line":45,"column":37}},"37":{"start":{"line":72,"column":30},"end":{"line":72,"column":null}},"38":{"start":{"line":73,"column":38},"end":{"line":73,"column":null}},"39":{"start":{"line":78,"column":31},"end":{"line":78,"column":null}},"40":{"start":{"line":93,"column":4},"end":{"line":95,"column":5}},"41":{"start":{"line":94,"column":6},"end":{"line":94,"column":39}},"42":{"start":{"line":99,"column":4},"end":{"line":101,"column":5}},"43":{"start":{"line":100,"column":6},"end":{"line":100,"column":59}},"44":{"start":{"line":106,"column":3},"end":{"line":108,"column":4}},"45":{"start":{"line":107,"column":5},"end":{"line":107,"column":58}},"46":{"start":{"line":112,"column":4},"end":{"line":112,"column":23}},"47":{"start":{"line":117,"column":5},"end":{"line":312,"column":5}},"48":{"start":{"line":123,"column":6},"end":{"line":309,"column":9}},"49":{"start":{"line":269,"column":10},"end":{"line":269,"column":31}},"50":{"start":{"line":270,"column":10},"end":{"line":276,"column":13}},"51":{"start":{"line":272,"column":12},"end":{"line":272,"column":67}},"52":{"start":{"line":275,"column":10},"end":{"line":275,"column":63}},"53":{"start":{"line":277,"column":10},"end":{"line":280,"column":13}},"54":{"start":{"line":278,"column":28},"end":{"line":278,"column":47}},"55":{"start":{"line":279,"column":12},"end":{"line":279,"column":43}},"56":{"start":{"line":282,"column":10},"end":{"line":284,"column":11}},"57":{"start":{"line":283,"column":12},"end":{"line":283,"column":46}},"58":{"start":{"line":286,"column":9},"end":{"line":288,"column":11}},"59":{"start":{"line":287,"column":10},"end":{"line":287,"column":35}},"60":{"start":{"line":289,"column":8},"end":{"line":292,"column":11}},"61":{"start":{"line":290,"column":10},"end":{"line":290,"column":42}},"62":{"start":{"line":291,"column":10},"end":{"line":291,"column":56}},"63":{"start":{"line":294,"column":8},"end":{"line":296,"column":11}},"64":{"start":{"line":295,"column":10},"end":{"line":295,"column":34}},"65":{"start":{"line":298,"column":8},"end":{"line":302,"column":11}},"66":{"start":{"line":299,"column":10},"end":{"line":299,"column":33}},"67":{"start":{"line":300,"column":11},"end":{"line":300,"column":33}},"68":{"start":{"line":301,"column":10},"end":{"line":301,"column":46}},"69":{"start":{"line":305,"column":8},"end":{"line":307,"column":9}},"70":{"start":{"line":306,"column":10},"end":{"line":306,"column":38}},"71":{"start":{"line":318,"column":29},"end":{"line":318,"column":53}},"72":{"start":{"line":320,"column":7},"end":{"line":320,"column":70}},"73":{"start":{"line":330,"column":5},"end":{"line":338,"column":6}},"74":{"start":{"line":332,"column":23},"end":{"line":332,"column":47}},"75":{"start":{"line":333,"column":7},"end":{"line":333,"column":60}},"76":{"start":{"line":334,"column":7},"end":{"line":334,"column":22}},"77":{"start":{"line":336,"column":7},"end":{"line":336,"column":63}},"78":{"start":{"line":337,"column":7},"end":{"line":337,"column":19}},"79":{"start":{"line":342,"column":5},"end":{"line":347,"column":6}},"80":{"start":{"line":343,"column":7},"end":{"line":343,"column":42}},"81":{"start":{"line":344,"column":7},"end":{"line":344,"column":65}},"82":{"start":{"line":346,"column":7},"end":{"line":346,"column":63}},"83":{"start":{"line":350,"column":5},"end":{"line":350,"column":55}},"84":{"start":{"line":354,"column":23},"end":{"line":355,"column":59}},"85":{"start":{"line":356,"column":5},"end":{"line":356,"column":24}},"86":{"start":{"line":357,"column":5},"end":{"line":357,"column":24}},"87":{"start":{"line":361,"column":19},"end":{"line":361,"column":63}},"88":{"start":{"line":362,"column":4},"end":{"line":375,"column":5}},"89":{"start":{"line":368,"column":34},"end":{"line":368,"column":54}},"90":{"start":{"line":372,"column":30},"end":{"line":372,"column":57}},"91":{"start":{"line":373,"column":30},"end":{"line":373,"column":57}},"92":{"start":{"line":51,"column":0},"end":{"line":51,"column":null}}},"fnMap":{"0":{"name":"(anonymous_1)","decl":{"start":{"line":88,"column":2},"end":{"line":88,"column":null}},"loc":{"start":{"line":88,"column":2},"end":{"line":90,"column":null}}},"1":{"name":"(anonymous_2)","decl":{"start":{"line":92,"column":2},"end":{"line":92,"column":15}},"loc":{"start":{"line":92,"column":32},"end":{"line":96,"column":3}}},"2":{"name":"(anonymous_3)","decl":{"start":{"line":98,"column":2},"end":{"line":98,"column":17}},"loc":{"start":{"line":98,"column":34},"end":{"line":102,"column":3}}},"3":{"name":"(anonymous_4)","decl":{"start":{"line":105,"column":1},"end":{"line":105,"column":21}},"loc":{"start":{"line":105,"column":38},"end":{"line":109,"column":2}}},"4":{"name":"(anonymous_5)","decl":{"start":{"line":111,"column":3},"end":{"line":111,"column":19}},"loc":{"start":{"line":111,"column":19},"end":{"line":113,"column":4}}},"5":{"name":"(anonymous_6)","decl":{"start":{"line":115,"column":3},"end":{"line":115,"column":14}},"loc":{"start":{"line":115,"column":14},"end":{"line":313,"column":4}}},"6":{"name":"(anonymous_7)","decl":{"start":{"line":268,"column":15},"end":{"line":268,"column":16}},"loc":{"start":{"line":268,"column":26},"end":{"line":308,"column":9}}},"7":{"name":"(anonymous_8)","decl":{"start":{"line":270,"column":28},"end":{"line":270,"column":31}},"loc":{"start":{"line":270,"column":33},"end":{"line":276,"column":11}}},"8":{"name":"(anonymous_9)","decl":{"start":{"line":277,"column":36},"end":{"line":277,"column":39}},"loc":{"start":{"line":277,"column":41},"end":{"line":280,"column":11}}},"9":{"name":"(anonymous_10)","decl":{"start":{"line":282,"column":29},"end":{"line":282,"column":32}},"loc":{"start":{"line":282,"column":34},"end":{"line":284,"column":9}}},"10":{"name":"(anonymous_11)","decl":{"start":{"line":286,"column":28},"end":{"line":286,"column":31}},"loc":{"start":{"line":286,"column":33},"end":{"line":288,"column":9}}},"11":{"name":"(anonymous_12)","decl":{"start":{"line":289,"column":28},"end":{"line":289,"column":31}},"loc":{"start":{"line":289,"column":33},"end":{"line":292,"column":9}}},"12":{"name":"(anonymous_13)","decl":{"start":{"line":294,"column":27},"end":{"line":294,"column":30}},"loc":{"start":{"line":294,"column":32},"end":{"line":296,"column":9}}},"13":{"name":"(anonymous_14)","decl":{"start":{"line":298,"column":26},"end":{"line":298,"column":29}},"loc":{"start":{"line":298,"column":31},"end":{"line":302,"column":9}}},"14":{"name":"(anonymous_15)","decl":{"start":{"line":316,"column":5},"end":{"line":316,"column":22}},"loc":{"start":{"line":316,"column":22},"end":{"line":321,"column":6}}},"15":{"name":"(anonymous_16)","decl":{"start":{"line":323,"column":3},"end":{"line":323,"column":14}},"loc":{"start":{"line":323,"column":14},"end":{"line":325,"column":4}}},"16":{"name":"(anonymous_17)","decl":{"start":{"line":329,"column":3},"end":{"line":329,"column":23}},"loc":{"start":{"line":329,"column":23},"end":{"line":339,"column":4}}},"17":{"name":"(anonymous_18)","decl":{"start":{"line":341,"column":3},"end":{"line":341,"column":21}},"loc":{"start":{"line":341,"column":40},"end":{"line":348,"column":4}}},"18":{"name":"(anonymous_19)","decl":{"start":{"line":349,"column":3},"end":{"line":349,"column":14}},"loc":{"start":{"line":349,"column":14},"end":{"line":351,"column":4}}},"19":{"name":"(anonymous_20)","decl":{"start":{"line":353,"column":3},"end":{"line":353,"column":23}},"loc":{"start":{"line":353,"column":23},"end":{"line":358,"column":4}}},"20":{"name":"(anonymous_21)","decl":{"start":{"line":360,"column":2},"end":{"line":360,"column":8}},"loc":{"start":{"line":360,"column":8},"end":{"line":376,"column":3}}},"21":{"name":"(anonymous_22)","decl":{"start":{"line":368,"column":12},"end":{"line":368,"column":13}},"loc":{"start":{"line":368,"column":34},"end":{"line":368,"column":54}}},"22":{"name":"(anonymous_23)","decl":{"start":{"line":372,"column":24},"end":{"line":372,"column":27}},"loc":{"start":{"line":372,"column":30},"end":{"line":372,"column":57}}},"23":{"name":"(anonymous_24)","decl":{"start":{"line":373,"column":24},"end":{"line":373,"column":27}},"loc":{"start":{"line":373,"column":30},"end":{"line":373,"column":57}}}},"branchMap":{"0":{"loc":{"start":{"line":93,"column":4},"end":{"line":95,"column":5}},"type":"if","locations":[{"start":{"line":93,"column":4},"end":{"line":95,"column":5}}]},"1":{"loc":{"start":{"line":93,"column":8},"end":{"line":93,"column":60}},"type":"binary-expr","locations":[{"start":{"line":93,"column":8},"end":{"line":93,"column":19}},{"start":{"line":93,"column":23},"end":{"line":93,"column":60}}]},"2":{"loc":{"start":{"line":99,"column":4},"end":{"line":101,"column":5}},"type":"if","locations":[{"start":{"line":99,"column":4},"end":{"line":101,"column":5}}]},"3":{"loc":{"start":{"line":106,"column":3},"end":{"line":108,"column":4}},"type":"if","locations":[{"start":{"line":106,"column":3},"end":{"line":108,"column":4}}]},"4":{"loc":{"start":{"line":117,"column":5},"end":{"line":312,"column":5}},"type":"if","locations":[{"start":{"line":117,"column":5},"end":{"line":312,"column":5}}]},"5":{"loc":{"start":{"line":188,"column":33},"end":{"line":190,"column":44}},"type":"cond-expr","locations":[{"start":{"line":189,"column":9},"end":{"line":189,"column":14}},{"start":{"line":190,"column":9},"end":{"line":190,"column":44}}]},"6":{"loc":{"start":{"line":191,"column":36},"end":{"line":193,"column":73}},"type":"cond-expr","locations":[{"start":{"line":192,"column":9},"end":{"line":192,"column":14}},{"start":{"line":193,"column":9},"end":{"line":193,"column":73}}]},"7":{"loc":{"start":{"line":305,"column":8},"end":{"line":307,"column":9}},"type":"if","locations":[{"start":{"line":305,"column":8},"end":{"line":307,"column":9}}]},"8":{"loc":{"start":{"line":330,"column":5},"end":{"line":338,"column":6}},"type":"if","locations":[{"start":{"line":330,"column":5},"end":{"line":338,"column":6}},{"start":{"line":335,"column":12},"end":{"line":338,"column":6}}]},"9":{"loc":{"start":{"line":342,"column":5},"end":{"line":347,"column":6}},"type":"if","locations":[{"start":{"line":342,"column":5},"end":{"line":347,"column":6}},{"start":{"line":345,"column":12},"end":{"line":347,"column":6}}]}},"s":{"0":1,"1":1,"2":1,"3":1,"4":1,"5":1,"6":1,"7":1,"8":1,"9":1,"10":1,"11":1,"12":1,"13":1,"14":1,"15":1,"16":1,"17":1,"18":1,"19":1,"20":1,"21":1,"22":1,"23":1,"24":1,"25":1,"26":1,"27":1,"28":1,"29":1,"30":1,"31":1,"32":1,"33":1,"34":1,"35":1,"36":1,"37":1,"38":1,"39":1,"40":0,"41":0,"42":0,"43":0,"44":0,"45":0,"46":1,"47":1,"48":1,"49":1,"50":1,"51":0,"52":0,"53":1,"54":0,"55":0,"56":1,"57":0,"58":1,"59":0,"60":1,"61":0,"62":0,"63":1,"64":0,"65":1,"66":0,"67":0,"68":0,"69":1,"70":0,"71":0,"72":0,"73":0,"74":0,"75":0,"76":0,"77":0,"78":0,"79":0,"80":0,"81":0,"82":0,"83":0,"84":1,"85":1,"86":1,"87":1,"88":1,"89":1,"90":0,"91":0,"92":1},"f":{"0":1,"1":0,"2":0,"3":0,"4":1,"5":1,"6":1,"7":0,"8":0,"9":0,"10":0,"11":0,"12":0,"13":0,"14":0,"15":0,"16":0,"17":0,"18":0,"19":1,"20":1,"21":1,"22":0,"23":0},"b":{"0":[0],"1":[0,0],"2":[0],"3":[0],"4":[1],"5":[0,1],"6":[0,1],"7":[0],"8":[0,0],"9":[0,0]}},"D:\\Sanjeet\\StencilJS\\stenciljs-components\\tinymce-mock.js":{"path":"D:\\Sanjeet\\StencilJS\\stenciljs-components\\tinymce-mock.js","statementMap":{"0":{"start":{"line":1,"column":19},"end":{"line":5,"column":1}},"1":{"start":{"line":2,"column":30},"end":{"line":2,"column":59}},"2":{"start":{"line":7,"column":16},"end":{"line":43,"column":1}},"3":{"start":{"line":9,"column":4},"end":{"line":9,"column":47}},"4":{"start":{"line":10,"column":4},"end":{"line":10,"column":39}},"5":{"start":{"line":15,"column":30},"end":{"line":15,"column":53}},"6":{"start":{"line":18,"column":32},"end":{"line":18,"column":61}},"7":{"start":{"line":45,"column":0},"end":{"line":45,"column":25}}},"fnMap":{"0":{"name":"(anonymous_0)","decl":{"start":{"line":2,"column":24},"end":{"line":2,"column":25}},"loc":{"start":{"line":2,"column":30},"end":{"line":2,"column":59}},"line":2},"1":{"name":"(anonymous_1)","decl":{"start":{"line":8,"column":37},"end":{"line":8,"column":38}},"loc":{"start":{"line":8,"column":50},"end":{"line":11,"column":3}},"line":8},"2":{"name":"(anonymous_2)","decl":{"start":{"line":15,"column":24},"end":{"line":15,"column":25}},"loc":{"start":{"line":15,"column":30},"end":{"line":15,"column":53}},"line":15},"3":{"name":"(anonymous_3)","decl":{"start":{"line":18,"column":26},"end":{"line":18,"column":27}},"loc":{"start":{"line":18,"column":32},"end":{"line":18,"column":61}},"line":18}},"branchMap":{"0":{"loc":{"start":{"line":9,"column":4},"end":{"line":9,"column":46}},"type":"binary-expr","locations":[{"start":{"line":9,"column":4},"end":{"line":9,"column":17}},{"start":{"line":9,"column":21},"end":{"line":9,"column":46}}],"line":9}},"s":{"0":1,"1":0,"2":1,"3":1,"4":1,"5":0,"6":0,"7":1},"f":{"0":0,"1":1,"2":0,"3":0},"b":{"0":[1,1]},"inputSourceMap":null,"_coverageSchema":"1a1c01bbd47fc00a2c39e90264f33305004495a9","hash":"0dc1e5362e64b5b73149fb7c0bffe561b286588b"},"D:\\Sanjeet\\StencilJS\\stenciljs-components\\module-mock.js":{"path":"D:\\Sanjeet\\StencilJS\\stenciljs-components\\module-mock.js","statementMap":{"0":{"start":{"line":1,"column":0},"end":{"line":1,"column":20}}},"fnMap":{},"branchMap":{},"s":{"0":1},"f":{},"b":{},"inputSourceMap":null,"_coverageSchema":"1a1c01bbd47fc00a2c39e90264f33305004495a9","hash":"5922d3163b5707162fa6b4c947485bc3450a4ff6"}}}